[2026-04-21 15:18:46][INFO ] Memulai enrollment semua organisasi...
[2026-04-21 15:18:46][INFO ] Log: /home/shulhan/Capstone/logs/enroll-ca-20260421_151846.log
2026/04/21 15:18:46 [INFO] Created a default configuration file at /home/shulhan/Capstone/organizations/ordererOrganizations/medchain.id/fabric-ca-client-config.yaml
2026/04/21 15:18:46 [INFO] TLS Enabled
2026/04/21 15:18:46 [INFO] generating key: &{A:ecdsa S:256}
2026/04/21 15:18:46 [INFO] encoded CSR
2026/04/21 15:18:47 [INFO] Stored client certificate at /home/shulhan/Capstone/organizations/ordererOrganizations/medchain.id/msp/signcerts/cert.pem
2026/04/21 15:18:47 [INFO] Stored root CA certificate at /home/shulhan/Capstone/organizations/ordererOrganizations/medchain.id/msp/cacerts/ca-orderer-medchain-id-7054-ca-orderer.pem
2026/04/21 15:18:47 [INFO] Stored Issuer public key at /home/shulhan/Capstone/organizations/ordererOrganizations/medchain.id/msp/IssuerPublicKey
2026/04/21 15:18:47 [INFO] Stored Issuer revocation public key at /home/shulhan/Capstone/organizations/ordererOrganizations/medchain.id/msp/IssuerRevocationPublicKey
[2026-04-21 15:18:47][INFO ] MSP bootstrap selesai.
2026/04/21 15:18:48 [INFO] Configuration file location: /home/shulhan/Capstone/organizations/ordererOrganizations/medchain.id/fabric-ca-client-config.yaml
2026/04/21 15:18:48 [INFO] TLS Enabled
2026/04/21 15:18:48 [INFO] TLS Enabled
Password: orderer1pw
2026/04/21 15:18:48 [INFO] Created a default configuration file at /home/shulhan/Capstone/organizations/ordererOrganizations/medchain.id/orderers/orderer1.medchain.id/fabric-ca-client-config.yaml
2026/04/21 15:18:48 [INFO] TLS Enabled
2026/04/21 15:18:48 [INFO] generating key: &{A:ecdsa S:256}
2026/04/21 15:18:48 [INFO] encoded CSR
2026/04/21 15:18:48 [INFO] Stored client certificate at /home/shulhan/Capstone/organizations/ordererOrganizations/medchain.id/orderers/orderer1.medchain.id/msp/signcerts/cert.pem
2026/04/21 15:18:48 [INFO] Stored root CA certificate at /home/shulhan/Capstone/organizations/ordererOrganizations/medchain.id/orderers/orderer1.medchain.id/msp/cacerts/ca-orderer-medchain-id-7054-ca-orderer.pem
2026/04/21 15:18:48 [INFO] Stored Issuer public key at /home/shulhan/Capstone/organizations/ordererOrganizations/medchain.id/orderers/orderer1.medchain.id/msp/IssuerPublicKey
2026/04/21 15:18:48 [INFO] Stored Issuer revocation public key at /home/shulhan/Capstone/organizations/ordererOrganizations/medchain.id/orderers/orderer1.medchain.id/msp/IssuerRevocationPublicKey
2026/04/21 15:18:48 [INFO] TLS Enabled
2026/04/21 15:18:48 [INFO] generating key: &{A:ecdsa S:256}
2026/04/21 15:18:48 [INFO] encoded CSR
2026/04/21 15:18:48 [INFO] Stored client certificate at /home/shulhan/Capstone/organizations/ordererOrganizations/medchain.id/orderers/orderer1.medchain.id/tls/signcerts/cert.pem
2026/04/21 15:18:48 [INFO] Stored TLS root CA certificate at /home/shulhan/Capstone/organizations/ordererOrganizations/medchain.id/orderers/orderer1.medchain.id/tls/tlscacerts/tls-ca-orderer-medchain-id-7054-ca-orderer.pem
2026/04/21 15:18:48 [INFO] Stored Issuer public key at /home/shulhan/Capstone/organizations/ordererOrganizations/medchain.id/orderers/orderer1.medchain.id/tls/IssuerPublicKey
2026/04/21 15:18:48 [INFO] Stored Issuer revocation public key at /home/shulhan/Capstone/organizations/ordererOrganizations/medchain.id/orderers/orderer1.medchain.id/tls/IssuerRevocationPublicKey
[2026-04-21 15:18:48][INFO ] orderer1.medchain.id enrolled. (1/3)
2026/04/21 15:18:48 [INFO] Configuration file location: /home/shulhan/Capstone/organizations/ordererOrganizations/medchain.id/fabric-ca-client-config.yaml
2026/04/21 15:18:48 [INFO] TLS Enabled
2026/04/21 15:18:48 [INFO] TLS Enabled
Password: orderer2pw
2026/04/21 15:18:49 [INFO] Created a default configuration file at /home/shulhan/Capstone/organizations/ordererOrganizations/medchain.id/orderers/orderer2.medchain.id/fabric-ca-client-config.yaml
2026/04/21 15:18:49 [INFO] TLS Enabled
2026/04/21 15:18:49 [INFO] generating key: &{A:ecdsa S:256}
2026/04/21 15:18:49 [INFO] encoded CSR
2026/04/21 15:18:49 [INFO] Stored client certificate at /home/shulhan/Capstone/organizations/ordererOrganizations/medchain.id/orderers/orderer2.medchain.id/msp/signcerts/cert.pem
2026/04/21 15:18:49 [INFO] Stored root CA certificate at /home/shulhan/Capstone/organizations/ordererOrganizations/medchain.id/orderers/orderer2.medchain.id/msp/cacerts/ca-orderer-medchain-id-7054-ca-orderer.pem
2026/04/21 15:18:49 [INFO] Stored Issuer public key at /home/shulhan/Capstone/organizations/ordererOrganizations/medchain.id/orderers/orderer2.medchain.id/msp/IssuerPublicKey
2026/04/21 15:18:49 [INFO] Stored Issuer revocation public key at /home/shulhan/Capstone/organizations/ordererOrganizations/medchain.id/orderers/orderer2.medchain.id/msp/IssuerRevocationPublicKey
2026/04/21 15:18:49 [INFO] TLS Enabled
2026/04/21 15:18:49 [INFO] generating key: &{A:ecdsa S:256}
2026/04/21 15:18:49 [INFO] encoded CSR
2026/04/21 15:18:49 [INFO] Stored client certificate at /home/shulhan/Capstone/organizations/ordererOrganizations/medchain.id/orderers/orderer2.medchain.id/tls/signcerts/cert.pem
2026/04/21 15:18:49 [INFO] Stored TLS root CA certificate at /home/shulhan/Capstone/organizations/ordererOrganizations/medchain.id/orderers/orderer2.medchain.id/tls/tlscacerts/tls-ca-orderer-medchain-id-7054-ca-orderer.pem
2026/04/21 15:18:49 [INFO] Stored Issuer public key at /home/shulhan/Capstone/organizations/ordererOrganizations/medchain.id/orderers/orderer2.medchain.id/tls/IssuerPublicKey
2026/04/21 15:18:49 [INFO] Stored Issuer revocation public key at /home/shulhan/Capstone/organizations/ordererOrganizations/medchain.id/orderers/orderer2.medchain.id/tls/IssuerRevocationPublicKey
[2026-04-21 15:18:49][INFO ] orderer2.medchain.id enrolled. (2/3)
2026/04/21 15:18:49 [INFO] Configuration file location: /home/shulhan/Capstone/organizations/ordererOrganizations/medchain.id/fabric-ca-client-config.yaml
2026/04/21 15:18:49 [INFO] TLS Enabled
2026/04/21 15:18:49 [INFO] TLS Enabled
Password: orderer3pw
2026/04/21 15:18:49 [INFO] Created a default configuration file at /home/shulhan/Capstone/organizations/ordererOrganizations/medchain.id/orderers/orderer3.medchain.id/fabric-ca-client-config.yaml
2026/04/21 15:18:49 [INFO] TLS Enabled
2026/04/21 15:18:49 [INFO] generating key: &{A:ecdsa S:256}
2026/04/21 15:18:49 [INFO] encoded CSR
2026/04/21 15:18:49 [INFO] Stored client certificate at /home/shulhan/Capstone/organizations/ordererOrganizations/medchain.id/orderers/orderer3.medchain.id/msp/signcerts/cert.pem
2026/04/21 15:18:49 [INFO] Stored root CA certificate at /home/shulhan/Capstone/organizations/ordererOrganizations/medchain.id/orderers/orderer3.medchain.id/msp/cacerts/ca-orderer-medchain-id-7054-ca-orderer.pem
2026/04/21 15:18:49 [INFO] Stored Issuer public key at /home/shulhan/Capstone/organizations/ordererOrganizations/medchain.id/orderers/orderer3.medchain.id/msp/IssuerPublicKey
2026/04/21 15:18:49 [INFO] Stored Issuer revocation public key at /home/shulhan/Capstone/organizations/ordererOrganizations/medchain.id/orderers/orderer3.medchain.id/msp/IssuerRevocationPublicKey
2026/04/21 15:18:49 [INFO] TLS Enabled
2026/04/21 15:18:49 [INFO] generating key: &{A:ecdsa S:256}
2026/04/21 15:18:49 [INFO] encoded CSR
2026/04/21 15:18:49 [INFO] Stored client certificate at /home/shulhan/Capstone/organizations/ordererOrganizations/medchain.id/orderers/orderer3.medchain.id/tls/signcerts/cert.pem
2026/04/21 15:18:49 [INFO] Stored TLS root CA certificate at /home/shulhan/Capstone/organizations/ordererOrganizations/medchain.id/orderers/orderer3.medchain.id/tls/tlscacerts/tls-ca-orderer-medchain-id-7054-ca-orderer.pem
2026/04/21 15:18:49 [INFO] Stored Issuer public key at /home/shulhan/Capstone/organizations/ordererOrganizations/medchain.id/orderers/orderer3.medchain.id/tls/IssuerPublicKey
2026/04/21 15:18:49 [INFO] Stored Issuer revocation public key at /home/shulhan/Capstone/organizations/ordererOrganizations/medchain.id/orderers/orderer3.medchain.id/tls/IssuerRevocationPublicKey
[2026-04-21 15:18:49][INFO ] orderer3.medchain.id enrolled. (3/3)
2026/04/21 15:18:49 [INFO] Configuration file location: /home/shulhan/Capstone/organizations/ordererOrganizations/medchain.id/fabric-ca-client-config.yaml
2026/04/21 15:18:49 [INFO] TLS Enabled
2026/04/21 15:18:49 [INFO] TLS Enabled
Password: ordererAdminpw
2026/04/21 15:18:50 [INFO] Created a default configuration file at /home/shulhan/Capstone/organizations/ordererOrganizations/medchain.id/users/Admin@medchain.id/fabric-ca-client-config.yaml
2026/04/21 15:18:50 [INFO] TLS Enabled
2026/04/21 15:18:50 [INFO] generating key: &{A:ecdsa S:256}
2026/04/21 15:18:50 [INFO] encoded CSR
2026/04/21 15:18:50 [INFO] Stored client certificate at /home/shulhan/Capstone/organizations/ordererOrganizations/medchain.id/users/Admin@medchain.id/msp/signcerts/cert.pem
2026/04/21 15:18:50 [INFO] Stored root CA certificate at /home/shulhan/Capstone/organizations/ordererOrganizations/medchain.id/users/Admin@medchain.id/msp/cacerts/ca-orderer-medchain-id-7054-ca-orderer.pem
2026/04/21 15:18:50 [INFO] Stored Issuer public key at /home/shulhan/Capstone/organizations/ordererOrganizations/medchain.id/users/Admin@medchain.id/msp/IssuerPublicKey
2026/04/21 15:18:50 [INFO] Stored Issuer revocation public key at /home/shulhan/Capstone/organizations/ordererOrganizations/medchain.id/users/Admin@medchain.id/msp/IssuerRevocationPublicKey
[2026-04-21 15:18:50][INFO ] Admin@medchain.id enrolled.
[2026-04-21 15:18:50][INFO ] Admin OU: admin
2026/04/21 15:18:50 [INFO] Created a default configuration file at /home/shulhan/Capstone/organizations/peerOrganizations/klinik.medchain.id/fabric-ca-client-config.yaml
2026/04/21 15:18:50 [INFO] TLS Enabled
2026/04/21 15:18:50 [INFO] generating key: &{A:ecdsa S:256}
2026/04/21 15:18:50 [INFO] encoded CSR
2026/04/21 15:18:50 [INFO] Stored client certificate at /home/shulhan/Capstone/organizations/peerOrganizations/klinik.medchain.id/msp/signcerts/cert.pem
2026/04/21 15:18:50 [INFO] Stored root CA certificate at /home/shulhan/Capstone/organizations/peerOrganizations/klinik.medchain.id/msp/cacerts/ca-klinik-medchain-id-8054-ca-klinik.pem
2026/04/21 15:18:50 [INFO] Stored Issuer public key at /home/shulhan/Capstone/organizations/peerOrganizations/klinik.medchain.id/msp/IssuerPublicKey
2026/04/21 15:18:50 [INFO] Stored Issuer revocation public key at /home/shulhan/Capstone/organizations/peerOrganizations/klinik.medchain.id/msp/IssuerRevocationPublicKey
[2026-04-21 15:18:50][INFO ] MSP bootstrap selesai.
2026/04/21 15:18:50 [INFO] Configuration file location: /home/shulhan/Capstone/organizations/peerOrganizations/klinik.medchain.id/fabric-ca-client-config.yaml
2026/04/21 15:18:50 [INFO] TLS Enabled
2026/04/21 15:18:50 [INFO] TLS Enabled
Password: peer0klinikpw
2026/04/21 15:18:50 [INFO] Created a default configuration file at /home/shulhan/Capstone/organizations/peerOrganizations/klinik.medchain.id/peers/peer0.klinik.medchain.id/fabric-ca-client-config.yaml
2026/04/21 15:18:50 [INFO] TLS Enabled
2026/04/21 15:18:50 [INFO] generating key: &{A:ecdsa S:256}
2026/04/21 15:18:50 [INFO] encoded CSR
2026/04/21 15:18:50 [INFO] Stored client certificate at /home/shulhan/Capstone/organizations/peerOrganizations/klinik.medchain.id/peers/peer0.klinik.medchain.id/msp/signcerts/cert.pem
2026/04/21 15:18:50 [INFO] Stored root CA certificate at /home/shulhan/Capstone/organizations/peerOrganizations/klinik.medchain.id/peers/peer0.klinik.medchain.id/msp/cacerts/ca-klinik-medchain-id-8054-ca-klinik.pem
2026/04/21 15:18:50 [INFO] Stored Issuer public key at /home/shulhan/Capstone/organizations/peerOrganizations/klinik.medchain.id/peers/peer0.klinik.medchain.id/msp/IssuerPublicKey
2026/04/21 15:18:50 [INFO] Stored Issuer revocation public key at /home/shulhan/Capstone/organizations/peerOrganizations/klinik.medchain.id/peers/peer0.klinik.medchain.id/msp/IssuerRevocationPublicKey
2026/04/21 15:18:51 [INFO] TLS Enabled
2026/04/21 15:18:51 [INFO] generating key: &{A:ecdsa S:256}
2026/04/21 15:18:51 [INFO] encoded CSR
2026/04/21 15:18:51 [INFO] Stored client certificate at /home/shulhan/Capstone/organizations/peerOrganizations/klinik.medchain.id/peers/peer0.klinik.medchain.id/tls/signcerts/cert.pem
2026/04/21 15:18:51 [INFO] Stored TLS root CA certificate at /home/shulhan/Capstone/organizations/peerOrganizations/klinik.medchain.id/peers/peer0.klinik.medchain.id/tls/tlscacerts/tls-ca-klinik-medchain-id-8054-ca-klinik.pem
2026/04/21 15:18:51 [INFO] Stored Issuer public key at /home/shulhan/Capstone/organizations/peerOrganizations/klinik.medchain.id/peers/peer0.klinik.medchain.id/tls/IssuerPublicKey
2026/04/21 15:18:51 [INFO] Stored Issuer revocation public key at /home/shulhan/Capstone/organizations/peerOrganizations/klinik.medchain.id/peers/peer0.klinik.medchain.id/tls/IssuerRevocationPublicKey
[2026-04-21 15:18:51][INFO ] peer0.klinik.medchain.id enrolled.
2026/04/21 15:18:51 [INFO] Configuration file location: /home/shulhan/Capstone/organizations/peerOrganizations/klinik.medchain.id/fabric-ca-client-config.yaml
2026/04/21 15:18:51 [INFO] TLS Enabled
2026/04/21 15:18:51 [INFO] TLS Enabled
Password: userKlinik1pw
2026/04/21 15:18:51 [INFO] Created a default configuration file at /home/shulhan/Capstone/organizations/peerOrganizations/klinik.medchain.id/users/User1@klinik.medchain.id/fabric-ca-client-config.yaml
2026/04/21 15:18:51 [INFO] TLS Enabled
2026/04/21 15:18:51 [INFO] generating key: &{A:ecdsa S:256}
2026/04/21 15:18:51 [INFO] encoded CSR
2026/04/21 15:18:51 [INFO] Stored client certificate at /home/shulhan/Capstone/organizations/peerOrganizations/klinik.medchain.id/users/User1@klinik.medchain.id/msp/signcerts/cert.pem
2026/04/21 15:18:51 [INFO] Stored root CA certificate at /home/shulhan/Capstone/organizations/peerOrganizations/klinik.medchain.id/users/User1@klinik.medchain.id/msp/cacerts/ca-klinik-medchain-id-8054-ca-klinik.pem
2026/04/21 15:18:51 [INFO] Stored Issuer public key at /home/shulhan/Capstone/organizations/peerOrganizations/klinik.medchain.id/users/User1@klinik.medchain.id/msp/IssuerPublicKey
2026/04/21 15:18:51 [INFO] Stored Issuer revocation public key at /home/shulhan/Capstone/organizations/peerOrganizations/klinik.medchain.id/users/User1@klinik.medchain.id/msp/IssuerRevocationPublicKey
[2026-04-21 15:18:51][INFO ] User1@klinik.medchain.id enrolled.
2026/04/21 15:18:51 [INFO] Configuration file location: /home/shulhan/Capstone/organizations/peerOrganizations/klinik.medchain.id/fabric-ca-client-config.yaml
2026/04/21 15:18:51 [INFO] TLS Enabled
2026/04/21 15:18:51 [INFO] TLS Enabled
Password: adminKlinikpw
2026/04/21 15:18:51 [INFO] Created a default configuration file at /home/shulhan/Capstone/organizations/peerOrganizations/klinik.medchain.id/users/Admin@klinik.medchain.id/fabric-ca-client-config.yaml
2026/04/21 15:18:51 [INFO] TLS Enabled
2026/04/21 15:18:51 [INFO] generating key: &{A:ecdsa S:256}
2026/04/21 15:18:51 [INFO] encoded CSR
2026/04/21 15:18:51 [INFO] Stored client certificate at /home/shulhan/Capstone/organizations/peerOrganizations/klinik.medchain.id/users/Admin@klinik.medchain.id/msp/signcerts/cert.pem
2026/04/21 15:18:51 [INFO] Stored root CA certificate at /home/shulhan/Capstone/organizations/peerOrganizations/klinik.medchain.id/users/Admin@klinik.medchain.id/msp/cacerts/ca-klinik-medchain-id-8054-ca-klinik.pem
2026/04/21 15:18:51 [INFO] Stored Issuer public key at /home/shulhan/Capstone/organizations/peerOrganizations/klinik.medchain.id/users/Admin@klinik.medchain.id/msp/IssuerPublicKey
2026/04/21 15:18:51 [INFO] Stored Issuer revocation public key at /home/shulhan/Capstone/organizations/peerOrganizations/klinik.medchain.id/users/Admin@klinik.medchain.id/msp/IssuerRevocationPublicKey
[2026-04-21 15:18:51][INFO ] Admin@klinik.medchain.id enrolled.
[2026-04-21 15:18:51][INFO ] Admin OU: admin
2026/04/21 15:18:51 [INFO] Created a default configuration file at /home/shulhan/Capstone/organizations/peerOrganizations/akademik.medchain.id/fabric-ca-client-config.yaml
2026/04/21 15:18:51 [INFO] TLS Enabled
2026/04/21 15:18:51 [INFO] generating key: &{A:ecdsa S:256}
2026/04/21 15:18:51 [INFO] encoded CSR
2026/04/21 15:18:51 [INFO] Stored client certificate at /home/shulhan/Capstone/organizations/peerOrganizations/akademik.medchain.id/msp/signcerts/cert.pem
2026/04/21 15:18:51 [INFO] Stored root CA certificate at /home/shulhan/Capstone/organizations/peerOrganizations/akademik.medchain.id/msp/cacerts/ca-akademik-medchain-id-9054-ca-akademik.pem
2026/04/21 15:18:51 [INFO] Stored Issuer public key at /home/shulhan/Capstone/organizations/peerOrganizations/akademik.medchain.id/msp/IssuerPublicKey
2026/04/21 15:18:51 [INFO] Stored Issuer revocation public key at /home/shulhan/Capstone/organizations/peerOrganizations/akademik.medchain.id/msp/IssuerRevocationPublicKey
[2026-04-21 15:18:51][INFO ] MSP bootstrap selesai.
2026/04/21 15:18:51 [INFO] Configuration file location: /home/shulhan/Capstone/organizations/peerOrganizations/akademik.medchain.id/fabric-ca-client-config.yaml
2026/04/21 15:18:51 [INFO] TLS Enabled
2026/04/21 15:18:51 [INFO] TLS Enabled
Password: peer0akademikpw
2026/04/21 15:18:52 [INFO] Created a default configuration file at /home/shulhan/Capstone/organizations/peerOrganizations/akademik.medchain.id/peers/peer0.akademik.medchain.id/fabric-ca-client-config.yaml
2026/04/21 15:18:52 [INFO] TLS Enabled
2026/04/21 15:18:52 [INFO] generating key: &{A:ecdsa S:256}
2026/04/21 15:18:52 [INFO] encoded CSR
2026/04/21 15:18:52 [INFO] Stored client certificate at /home/shulhan/Capstone/organizations/peerOrganizations/akademik.medchain.id/peers/peer0.akademik.medchain.id/msp/signcerts/cert.pem
2026/04/21 15:18:52 [INFO] Stored root CA certificate at /home/shulhan/Capstone/organizations/peerOrganizations/akademik.medchain.id/peers/peer0.akademik.medchain.id/msp/cacerts/ca-akademik-medchain-id-9054-ca-akademik.pem
2026/04/21 15:18:52 [INFO] Stored Issuer public key at /home/shulhan/Capstone/organizations/peerOrganizations/akademik.medchain.id/peers/peer0.akademik.medchain.id/msp/IssuerPublicKey
2026/04/21 15:18:52 [INFO] Stored Issuer revocation public key at /home/shulhan/Capstone/organizations/peerOrganizations/akademik.medchain.id/peers/peer0.akademik.medchain.id/msp/IssuerRevocationPublicKey
2026/04/21 15:18:52 [INFO] TLS Enabled
2026/04/21 15:18:52 [INFO] generating key: &{A:ecdsa S:256}
2026/04/21 15:18:52 [INFO] encoded CSR
2026/04/21 15:18:52 [INFO] Stored client certificate at /home/shulhan/Capstone/organizations/peerOrganizations/akademik.medchain.id/peers/peer0.akademik.medchain.id/tls/signcerts/cert.pem
2026/04/21 15:18:52 [INFO] Stored TLS root CA certificate at /home/shulhan/Capstone/organizations/peerOrganizations/akademik.medchain.id/peers/peer0.akademik.medchain.id/tls/tlscacerts/tls-ca-akademik-medchain-id-9054-ca-akademik.pem
2026/04/21 15:18:52 [INFO] Stored Issuer public key at /home/shulhan/Capstone/organizations/peerOrganizations/akademik.medchain.id/peers/peer0.akademik.medchain.id/tls/IssuerPublicKey
2026/04/21 15:18:52 [INFO] Stored Issuer revocation public key at /home/shulhan/Capstone/organizations/peerOrganizations/akademik.medchain.id/peers/peer0.akademik.medchain.id/tls/IssuerRevocationPublicKey
[2026-04-21 15:18:52][INFO ] peer0.akademik.medchain.id enrolled.
2026/04/21 15:18:52 [INFO] Configuration file location: /home/shulhan/Capstone/organizations/peerOrganizations/akademik.medchain.id/fabric-ca-client-config.yaml
2026/04/21 15:18:52 [INFO] TLS Enabled
2026/04/21 15:18:52 [INFO] TLS Enabled
Password: userAkademik1pw
2026/04/21 15:18:52 [INFO] Created a default configuration file at /home/shulhan/Capstone/organizations/peerOrganizations/akademik.medchain.id/users/User1@akademik.medchain.id/fabric-ca-client-config.yaml
2026/04/21 15:18:52 [INFO] TLS Enabled
2026/04/21 15:18:52 [INFO] generating key: &{A:ecdsa S:256}
2026/04/21 15:18:52 [INFO] encoded CSR
2026/04/21 15:18:52 [INFO] Stored client certificate at /home/shulhan/Capstone/organizations/peerOrganizations/akademik.medchain.id/users/User1@akademik.medchain.id/msp/signcerts/cert.pem
2026/04/21 15:18:52 [INFO] Stored root CA certificate at /home/shulhan/Capstone/organizations/peerOrganizations/akademik.medchain.id/users/User1@akademik.medchain.id/msp/cacerts/ca-akademik-medchain-id-9054-ca-akademik.pem
2026/04/21 15:18:52 [INFO] Stored Issuer public key at /home/shulhan/Capstone/organizations/peerOrganizations/akademik.medchain.id/users/User1@akademik.medchain.id/msp/IssuerPublicKey
2026/04/21 15:18:52 [INFO] Stored Issuer revocation public key at /home/shulhan/Capstone/organizations/peerOrganizations/akademik.medchain.id/users/User1@akademik.medchain.id/msp/IssuerRevocationPublicKey
[2026-04-21 15:18:52][INFO ] User1@akademik.medchain.id enrolled.
2026/04/21 15:18:52 [INFO] Configuration file location: /home/shulhan/Capstone/organizations/peerOrganizations/akademik.medchain.id/fabric-ca-client-config.yaml
2026/04/21 15:18:52 [INFO] TLS Enabled
2026/04/21 15:18:52 [INFO] TLS Enabled
Password: adminAkademikpw
2026/04/21 15:18:52 [INFO] Created a default configuration file at /home/shulhan/Capstone/organizations/peerOrganizations/akademik.medchain.id/users/Admin@akademik.medchain.id/fabric-ca-client-config.yaml
2026/04/21 15:18:52 [INFO] TLS Enabled
2026/04/21 15:18:52 [INFO] generating key: &{A:ecdsa S:256}
2026/04/21 15:18:52 [INFO] encoded CSR
2026/04/21 15:18:52 [INFO] Stored client certificate at /home/shulhan/Capstone/organizations/peerOrganizations/akademik.medchain.id/users/Admin@akademik.medchain.id/msp/signcerts/cert.pem
2026/04/21 15:18:52 [INFO] Stored root CA certificate at /home/shulhan/Capstone/organizations/peerOrganizations/akademik.medchain.id/users/Admin@akademik.medchain.id/msp/cacerts/ca-akademik-medchain-id-9054-ca-akademik.pem
2026/04/21 15:18:52 [INFO] Stored Issuer public key at /home/shulhan/Capstone/organizations/peerOrganizations/akademik.medchain.id/users/Admin@akademik.medchain.id/msp/IssuerPublicKey
2026/04/21 15:18:52 [INFO] Stored Issuer revocation public key at /home/shulhan/Capstone/organizations/peerOrganizations/akademik.medchain.id/users/Admin@akademik.medchain.id/msp/IssuerRevocationPublicKey
[2026-04-21 15:18:52][INFO ] Admin@akademik.medchain.id enrolled.
[2026-04-21 15:18:52][INFO ] Admin OU: admin
[2026-04-21 15:18:52][INFO ] Semua organisasi berhasil di-enroll.
[2026-04-21 15:18:52][INFO ] Langkah selanjutnya: bash scripts/setup-channel.sh
