[2026-04-22 17:34:32][INFO ] Memulai enrollment semua organisasi...
[2026-04-22 17:34:32][INFO ] Log: /home/shulhan/Capstone/logs/enroll-ca-20260422_173432.log
2026/04/22 17:34:32 [INFO] Created a default configuration file at /home/shulhan/Capstone/organizations/ordererOrganizations/medchain.id/fabric-ca-client-config.yaml
2026/04/22 17:34:32 [INFO] TLS Enabled
2026/04/22 17:34:32 [INFO] generating key: &{A:ecdsa S:256}
2026/04/22 17:34:32 [INFO] encoded CSR
2026/04/22 17:34:32 [INFO] Stored client certificate at /home/shulhan/Capstone/organizations/ordererOrganizations/medchain.id/msp/signcerts/cert.pem
2026/04/22 17:34:32 [INFO] Stored root CA certificate at /home/shulhan/Capstone/organizations/ordererOrganizations/medchain.id/msp/cacerts/ca-orderer-medchain-id-7054-ca-orderer.pem
2026/04/22 17:34:32 [INFO] Stored Issuer public key at /home/shulhan/Capstone/organizations/ordererOrganizations/medchain.id/msp/IssuerPublicKey
2026/04/22 17:34:32 [INFO] Stored Issuer revocation public key at /home/shulhan/Capstone/organizations/ordererOrganizations/medchain.id/msp/IssuerRevocationPublicKey
[2026-04-22 17:34:32][INFO ] MSP bootstrap selesai.
2026/04/22 17:34:32 [INFO] Configuration file location: /home/shulhan/Capstone/organizations/ordererOrganizations/medchain.id/fabric-ca-client-config.yaml
2026/04/22 17:34:32 [INFO] TLS Enabled
2026/04/22 17:34:32 [INFO] TLS Enabled
Password: orderer1pw
2026/04/22 17:34:32 [INFO] Created a default configuration file at /home/shulhan/Capstone/organizations/ordererOrganizations/medchain.id/orderers/orderer1.medchain.id/fabric-ca-client-config.yaml
2026/04/22 17:34:32 [INFO] TLS Enabled
2026/04/22 17:34:32 [INFO] generating key: &{A:ecdsa S:256}
2026/04/22 17:34:32 [INFO] encoded CSR
2026/04/22 17:34:32 [INFO] Stored client certificate at /home/shulhan/Capstone/organizations/ordererOrganizations/medchain.id/orderers/orderer1.medchain.id/msp/signcerts/cert.pem
2026/04/22 17:34:32 [INFO] Stored root CA certificate at /home/shulhan/Capstone/organizations/ordererOrganizations/medchain.id/orderers/orderer1.medchain.id/msp/cacerts/ca-orderer-medchain-id-7054-ca-orderer.pem
2026/04/22 17:34:32 [INFO] Stored Issuer public key at /home/shulhan/Capstone/organizations/ordererOrganizations/medchain.id/orderers/orderer1.medchain.id/msp/IssuerPublicKey
2026/04/22 17:34:32 [INFO] Stored Issuer revocation public key at /home/shulhan/Capstone/organizations/ordererOrganizations/medchain.id/orderers/orderer1.medchain.id/msp/IssuerRevocationPublicKey
2026/04/22 17:34:32 [INFO] TLS Enabled
2026/04/22 17:34:32 [INFO] generating key: &{A:ecdsa S:256}
2026/04/22 17:34:32 [INFO] encoded CSR
2026/04/22 17:34:32 [INFO] Stored client certificate at /home/shulhan/Capstone/organizations/ordererOrganizations/medchain.id/orderers/orderer1.medchain.id/tls/signcerts/cert.pem
2026/04/22 17:34:32 [INFO] Stored TLS root CA certificate at /home/shulhan/Capstone/organizations/ordererOrganizations/medchain.id/orderers/orderer1.medchain.id/tls/tlscacerts/tls-ca-orderer-medchain-id-7054-ca-orderer.pem
2026/04/22 17:34:32 [INFO] Stored Issuer public key at /home/shulhan/Capstone/organizations/ordererOrganizations/medchain.id/orderers/orderer1.medchain.id/tls/IssuerPublicKey
2026/04/22 17:34:32 [INFO] Stored Issuer revocation public key at /home/shulhan/Capstone/organizations/ordererOrganizations/medchain.id/orderers/orderer1.medchain.id/tls/IssuerRevocationPublicKey
[2026-04-22 17:34:32][INFO ] orderer1.medchain.id enrolled. (1/3)
2026/04/22 17:34:33 [INFO] Configuration file location: /home/shulhan/Capstone/organizations/ordererOrganizations/medchain.id/fabric-ca-client-config.yaml
2026/04/22 17:34:33 [INFO] TLS Enabled
2026/04/22 17:34:33 [INFO] TLS Enabled
Password: orderer2pw
2026/04/22 17:34:33 [INFO] Created a default configuration file at /home/shulhan/Capstone/organizations/ordererOrganizations/medchain.id/orderers/orderer2.medchain.id/fabric-ca-client-config.yaml
2026/04/22 17:34:33 [INFO] TLS Enabled
2026/04/22 17:34:33 [INFO] generating key: &{A:ecdsa S:256}
2026/04/22 17:34:33 [INFO] encoded CSR
2026/04/22 17:34:33 [INFO] Stored client certificate at /home/shulhan/Capstone/organizations/ordererOrganizations/medchain.id/orderers/orderer2.medchain.id/msp/signcerts/cert.pem
2026/04/22 17:34:33 [INFO] Stored root CA certificate at /home/shulhan/Capstone/organizations/ordererOrganizations/medchain.id/orderers/orderer2.medchain.id/msp/cacerts/ca-orderer-medchain-id-7054-ca-orderer.pem
2026/04/22 17:34:33 [INFO] Stored Issuer public key at /home/shulhan/Capstone/organizations/ordererOrganizations/medchain.id/orderers/orderer2.medchain.id/msp/IssuerPublicKey
2026/04/22 17:34:33 [INFO] Stored Issuer revocation public key at /home/shulhan/Capstone/organizations/ordererOrganizations/medchain.id/orderers/orderer2.medchain.id/msp/IssuerRevocationPublicKey
2026/04/22 17:34:33 [INFO] TLS Enabled
2026/04/22 17:34:33 [INFO] generating key: &{A:ecdsa S:256}
2026/04/22 17:34:33 [INFO] encoded CSR
2026/04/22 17:34:33 [INFO] Stored client certificate at /home/shulhan/Capstone/organizations/ordererOrganizations/medchain.id/orderers/orderer2.medchain.id/tls/signcerts/cert.pem
2026/04/22 17:34:33 [INFO] Stored TLS root CA certificate at /home/shulhan/Capstone/organizations/ordererOrganizations/medchain.id/orderers/orderer2.medchain.id/tls/tlscacerts/tls-ca-orderer-medchain-id-7054-ca-orderer.pem
2026/04/22 17:34:33 [INFO] Stored Issuer public key at /home/shulhan/Capstone/organizations/ordererOrganizations/medchain.id/orderers/orderer2.medchain.id/tls/IssuerPublicKey
2026/04/22 17:34:33 [INFO] Stored Issuer revocation public key at /home/shulhan/Capstone/organizations/ordererOrganizations/medchain.id/orderers/orderer2.medchain.id/tls/IssuerRevocationPublicKey
[2026-04-22 17:34:33][INFO ] orderer2.medchain.id enrolled. (2/3)
2026/04/22 17:34:33 [INFO] Configuration file location: /home/shulhan/Capstone/organizations/ordererOrganizations/medchain.id/fabric-ca-client-config.yaml
2026/04/22 17:34:33 [INFO] TLS Enabled
2026/04/22 17:34:33 [INFO] TLS Enabled
Password: orderer3pw
2026/04/22 17:34:33 [INFO] Created a default configuration file at /home/shulhan/Capstone/organizations/ordererOrganizations/medchain.id/orderers/orderer3.medchain.id/fabric-ca-client-config.yaml
2026/04/22 17:34:33 [INFO] TLS Enabled
2026/04/22 17:34:33 [INFO] generating key: &{A:ecdsa S:256}
2026/04/22 17:34:33 [INFO] encoded CSR
2026/04/22 17:34:33 [INFO] Stored client certificate at /home/shulhan/Capstone/organizations/ordererOrganizations/medchain.id/orderers/orderer3.medchain.id/msp/signcerts/cert.pem
2026/04/22 17:34:33 [INFO] Stored root CA certificate at /home/shulhan/Capstone/organizations/ordererOrganizations/medchain.id/orderers/orderer3.medchain.id/msp/cacerts/ca-orderer-medchain-id-7054-ca-orderer.pem
2026/04/22 17:34:33 [INFO] Stored Issuer public key at /home/shulhan/Capstone/organizations/ordererOrganizations/medchain.id/orderers/orderer3.medchain.id/msp/IssuerPublicKey
2026/04/22 17:34:33 [INFO] Stored Issuer revocation public key at /home/shulhan/Capstone/organizations/ordererOrganizations/medchain.id/orderers/orderer3.medchain.id/msp/IssuerRevocationPublicKey
2026/04/22 17:34:34 [INFO] TLS Enabled
2026/04/22 17:34:34 [INFO] generating key: &{A:ecdsa S:256}
2026/04/22 17:34:34 [INFO] encoded CSR
2026/04/22 17:34:34 [INFO] Stored client certificate at /home/shulhan/Capstone/organizations/ordererOrganizations/medchain.id/orderers/orderer3.medchain.id/tls/signcerts/cert.pem
2026/04/22 17:34:34 [INFO] Stored TLS root CA certificate at /home/shulhan/Capstone/organizations/ordererOrganizations/medchain.id/orderers/orderer3.medchain.id/tls/tlscacerts/tls-ca-orderer-medchain-id-7054-ca-orderer.pem
2026/04/22 17:34:34 [INFO] Stored Issuer public key at /home/shulhan/Capstone/organizations/ordererOrganizations/medchain.id/orderers/orderer3.medchain.id/tls/IssuerPublicKey
2026/04/22 17:34:34 [INFO] Stored Issuer revocation public key at /home/shulhan/Capstone/organizations/ordererOrganizations/medchain.id/orderers/orderer3.medchain.id/tls/IssuerRevocationPublicKey
[2026-04-22 17:34:34][INFO ] orderer3.medchain.id enrolled. (3/3)
2026/04/22 17:34:34 [INFO] Configuration file location: /home/shulhan/Capstone/organizations/ordererOrganizations/medchain.id/fabric-ca-client-config.yaml
2026/04/22 17:34:34 [INFO] TLS Enabled
2026/04/22 17:34:34 [INFO] TLS Enabled
Password: ordererAdminpw
2026/04/22 17:34:34 [INFO] Created a default configuration file at /home/shulhan/Capstone/organizations/ordererOrganizations/medchain.id/users/Admin@medchain.id/fabric-ca-client-config.yaml
2026/04/22 17:34:34 [INFO] TLS Enabled
2026/04/22 17:34:34 [INFO] generating key: &{A:ecdsa S:256}
2026/04/22 17:34:34 [INFO] encoded CSR
2026/04/22 17:34:34 [INFO] Stored client certificate at /home/shulhan/Capstone/organizations/ordererOrganizations/medchain.id/users/Admin@medchain.id/msp/signcerts/cert.pem
2026/04/22 17:34:34 [INFO] Stored root CA certificate at /home/shulhan/Capstone/organizations/ordererOrganizations/medchain.id/users/Admin@medchain.id/msp/cacerts/ca-orderer-medchain-id-7054-ca-orderer.pem
2026/04/22 17:34:34 [INFO] Stored Issuer public key at /home/shulhan/Capstone/organizations/ordererOrganizations/medchain.id/users/Admin@medchain.id/msp/IssuerPublicKey
2026/04/22 17:34:34 [INFO] Stored Issuer revocation public key at /home/shulhan/Capstone/organizations/ordererOrganizations/medchain.id/users/Admin@medchain.id/msp/IssuerRevocationPublicKey
[2026-04-22 17:34:34][INFO ] Admin@medchain.id enrolled.
[2026-04-22 17:34:35][INFO ] Admin OU: admin
2026/04/22 17:34:35 [INFO] Created a default configuration file at /home/shulhan/Capstone/organizations/peerOrganizations/klinik.medchain.id/fabric-ca-client-config.yaml
2026/04/22 17:34:35 [INFO] TLS Enabled
2026/04/22 17:34:35 [INFO] generating key: &{A:ecdsa S:256}
2026/04/22 17:34:35 [INFO] encoded CSR
2026/04/22 17:34:35 [INFO] Stored client certificate at /home/shulhan/Capstone/organizations/peerOrganizations/klinik.medchain.id/msp/signcerts/cert.pem
2026/04/22 17:34:35 [INFO] Stored root CA certificate at /home/shulhan/Capstone/organizations/peerOrganizations/klinik.medchain.id/msp/cacerts/ca-klinik-medchain-id-8054-ca-klinik.pem
2026/04/22 17:34:35 [INFO] Stored Issuer public key at /home/shulhan/Capstone/organizations/peerOrganizations/klinik.medchain.id/msp/IssuerPublicKey
2026/04/22 17:34:35 [INFO] Stored Issuer revocation public key at /home/shulhan/Capstone/organizations/peerOrganizations/klinik.medchain.id/msp/IssuerRevocationPublicKey
[2026-04-22 17:34:35][INFO ] MSP bootstrap selesai.
2026/04/22 17:34:35 [INFO] Configuration file location: /home/shulhan/Capstone/organizations/peerOrganizations/klinik.medchain.id/fabric-ca-client-config.yaml
2026/04/22 17:34:35 [INFO] TLS Enabled
2026/04/22 17:34:35 [INFO] TLS Enabled
Password: peer0klinikpw
2026/04/22 17:34:35 [INFO] Created a default configuration file at /home/shulhan/Capstone/organizations/peerOrganizations/klinik.medchain.id/peers/peer0.klinik.medchain.id/fabric-ca-client-config.yaml
2026/04/22 17:34:35 [INFO] TLS Enabled
2026/04/22 17:34:35 [INFO] generating key: &{A:ecdsa S:256}
2026/04/22 17:34:35 [INFO] encoded CSR
2026/04/22 17:34:35 [INFO] Stored client certificate at /home/shulhan/Capstone/organizations/peerOrganizations/klinik.medchain.id/peers/peer0.klinik.medchain.id/msp/signcerts/cert.pem
2026/04/22 17:34:35 [INFO] Stored root CA certificate at /home/shulhan/Capstone/organizations/peerOrganizations/klinik.medchain.id/peers/peer0.klinik.medchain.id/msp/cacerts/ca-klinik-medchain-id-8054-ca-klinik.pem
2026/04/22 17:34:35 [INFO] Stored Issuer public key at /home/shulhan/Capstone/organizations/peerOrganizations/klinik.medchain.id/peers/peer0.klinik.medchain.id/msp/IssuerPublicKey
2026/04/22 17:34:35 [INFO] Stored Issuer revocation public key at /home/shulhan/Capstone/organizations/peerOrganizations/klinik.medchain.id/peers/peer0.klinik.medchain.id/msp/IssuerRevocationPublicKey
2026/04/22 17:34:35 [INFO] TLS Enabled
2026/04/22 17:34:35 [INFO] generating key: &{A:ecdsa S:256}
2026/04/22 17:34:35 [INFO] encoded CSR
2026/04/22 17:34:35 [INFO] Stored client certificate at /home/shulhan/Capstone/organizations/peerOrganizations/klinik.medchain.id/peers/peer0.klinik.medchain.id/tls/signcerts/cert.pem
2026/04/22 17:34:35 [INFO] Stored TLS root CA certificate at /home/shulhan/Capstone/organizations/peerOrganizations/klinik.medchain.id/peers/peer0.klinik.medchain.id/tls/tlscacerts/tls-ca-klinik-medchain-id-8054-ca-klinik.pem
2026/04/22 17:34:35 [INFO] Stored Issuer public key at /home/shulhan/Capstone/organizations/peerOrganizations/klinik.medchain.id/peers/peer0.klinik.medchain.id/tls/IssuerPublicKey
2026/04/22 17:34:35 [INFO] Stored Issuer revocation public key at /home/shulhan/Capstone/organizations/peerOrganizations/klinik.medchain.id/peers/peer0.klinik.medchain.id/tls/IssuerRevocationPublicKey
[2026-04-22 17:34:35][INFO ] peer0.klinik.medchain.id enrolled.
2026/04/22 17:34:36 [INFO] Configuration file location: /home/shulhan/Capstone/organizations/peerOrganizations/klinik.medchain.id/fabric-ca-client-config.yaml
2026/04/22 17:34:36 [INFO] TLS Enabled
2026/04/22 17:34:36 [INFO] TLS Enabled
Password: peer1klinikpw
2026/04/22 17:34:36 [INFO] Created a default configuration file at /home/shulhan/Capstone/organizations/peerOrganizations/klinik.medchain.id/peers/peer1.klinik.medchain.id/fabric-ca-client-config.yaml
2026/04/22 17:34:36 [INFO] TLS Enabled
2026/04/22 17:34:36 [INFO] generating key: &{A:ecdsa S:256}
2026/04/22 17:34:36 [INFO] encoded CSR
2026/04/22 17:34:36 [INFO] Stored client certificate at /home/shulhan/Capstone/organizations/peerOrganizations/klinik.medchain.id/peers/peer1.klinik.medchain.id/msp/signcerts/cert.pem
2026/04/22 17:34:36 [INFO] Stored root CA certificate at /home/shulhan/Capstone/organizations/peerOrganizations/klinik.medchain.id/peers/peer1.klinik.medchain.id/msp/cacerts/ca-klinik-medchain-id-8054-ca-klinik.pem
2026/04/22 17:34:36 [INFO] Stored Issuer public key at /home/shulhan/Capstone/organizations/peerOrganizations/klinik.medchain.id/peers/peer1.klinik.medchain.id/msp/IssuerPublicKey
2026/04/22 17:34:36 [INFO] Stored Issuer revocation public key at /home/shulhan/Capstone/organizations/peerOrganizations/klinik.medchain.id/peers/peer1.klinik.medchain.id/msp/IssuerRevocationPublicKey
2026/04/22 17:34:36 [INFO] TLS Enabled
2026/04/22 17:34:36 [INFO] generating key: &{A:ecdsa S:256}
2026/04/22 17:34:36 [INFO] encoded CSR
2026/04/22 17:34:36 [INFO] Stored client certificate at /home/shulhan/Capstone/organizations/peerOrganizations/klinik.medchain.id/peers/peer1.klinik.medchain.id/tls/signcerts/cert.pem
2026/04/22 17:34:36 [INFO] Stored TLS root CA certificate at /home/shulhan/Capstone/organizations/peerOrganizations/klinik.medchain.id/peers/peer1.klinik.medchain.id/tls/tlscacerts/tls-ca-klinik-medchain-id-8054-ca-klinik.pem
2026/04/22 17:34:36 [INFO] Stored Issuer public key at /home/shulhan/Capstone/organizations/peerOrganizations/klinik.medchain.id/peers/peer1.klinik.medchain.id/tls/IssuerPublicKey
2026/04/22 17:34:36 [INFO] Stored Issuer revocation public key at /home/shulhan/Capstone/organizations/peerOrganizations/klinik.medchain.id/peers/peer1.klinik.medchain.id/tls/IssuerRevocationPublicKey
[2026-04-22 17:34:36][INFO ] peer1.klinik.medchain.id enrolled.
2026/04/22 17:34:36 [INFO] Configuration file location: /home/shulhan/Capstone/organizations/peerOrganizations/klinik.medchain.id/fabric-ca-client-config.yaml
2026/04/22 17:34:36 [INFO] TLS Enabled
2026/04/22 17:34:36 [INFO] TLS Enabled
Password: userKlinik1pw
2026/04/22 17:34:36 [INFO] Created a default configuration file at /home/shulhan/Capstone/organizations/peerOrganizations/klinik.medchain.id/users/User1@klinik.medchain.id/fabric-ca-client-config.yaml
2026/04/22 17:34:36 [INFO] TLS Enabled
2026/04/22 17:34:36 [INFO] generating key: &{A:ecdsa S:256}
2026/04/22 17:34:36 [INFO] encoded CSR
2026/04/22 17:34:36 [INFO] Stored client certificate at /home/shulhan/Capstone/organizations/peerOrganizations/klinik.medchain.id/users/User1@klinik.medchain.id/msp/signcerts/cert.pem
2026/04/22 17:34:36 [INFO] Stored root CA certificate at /home/shulhan/Capstone/organizations/peerOrganizations/klinik.medchain.id/users/User1@klinik.medchain.id/msp/cacerts/ca-klinik-medchain-id-8054-ca-klinik.pem
2026/04/22 17:34:36 [INFO] Stored Issuer public key at /home/shulhan/Capstone/organizations/peerOrganizations/klinik.medchain.id/users/User1@klinik.medchain.id/msp/IssuerPublicKey
2026/04/22 17:34:36 [INFO] Stored Issuer revocation public key at /home/shulhan/Capstone/organizations/peerOrganizations/klinik.medchain.id/users/User1@klinik.medchain.id/msp/IssuerRevocationPublicKey
[2026-04-22 17:34:36][INFO ] User1@klinik.medchain.id enrolled.
2026/04/22 17:34:36 [INFO] Configuration file location: /home/shulhan/Capstone/organizations/peerOrganizations/klinik.medchain.id/fabric-ca-client-config.yaml
2026/04/22 17:34:36 [INFO] TLS Enabled
2026/04/22 17:34:36 [INFO] TLS Enabled
Password: adminKlinikpw
2026/04/22 17:34:36 [INFO] Created a default configuration file at /home/shulhan/Capstone/organizations/peerOrganizations/klinik.medchain.id/users/Admin@klinik.medchain.id/fabric-ca-client-config.yaml
2026/04/22 17:34:36 [INFO] TLS Enabled
2026/04/22 17:34:36 [INFO] generating key: &{A:ecdsa S:256}
2026/04/22 17:34:36 [INFO] encoded CSR
2026/04/22 17:34:37 [INFO] Stored client certificate at /home/shulhan/Capstone/organizations/peerOrganizations/klinik.medchain.id/users/Admin@klinik.medchain.id/msp/signcerts/cert.pem
2026/04/22 17:34:37 [INFO] Stored root CA certificate at /home/shulhan/Capstone/organizations/peerOrganizations/klinik.medchain.id/users/Admin@klinik.medchain.id/msp/cacerts/ca-klinik-medchain-id-8054-ca-klinik.pem
2026/04/22 17:34:37 [INFO] Stored Issuer public key at /home/shulhan/Capstone/organizations/peerOrganizations/klinik.medchain.id/users/Admin@klinik.medchain.id/msp/IssuerPublicKey
2026/04/22 17:34:37 [INFO] Stored Issuer revocation public key at /home/shulhan/Capstone/organizations/peerOrganizations/klinik.medchain.id/users/Admin@klinik.medchain.id/msp/IssuerRevocationPublicKey
[2026-04-22 17:34:37][INFO ] Admin@klinik.medchain.id enrolled.
[2026-04-22 17:34:37][INFO ] Admin OU: admin
2026/04/22 17:34:37 [INFO] Created a default configuration file at /home/shulhan/Capstone/organizations/peerOrganizations/akademik.medchain.id/fabric-ca-client-config.yaml
2026/04/22 17:34:37 [INFO] TLS Enabled
2026/04/22 17:34:37 [INFO] generating key: &{A:ecdsa S:256}
2026/04/22 17:34:37 [INFO] encoded CSR
2026/04/22 17:34:37 [INFO] Stored client certificate at /home/shulhan/Capstone/organizations/peerOrganizations/akademik.medchain.id/msp/signcerts/cert.pem
2026/04/22 17:34:37 [INFO] Stored root CA certificate at /home/shulhan/Capstone/organizations/peerOrganizations/akademik.medchain.id/msp/cacerts/ca-akademik-medchain-id-9054-ca-akademik.pem
2026/04/22 17:34:37 [INFO] Stored Issuer public key at /home/shulhan/Capstone/organizations/peerOrganizations/akademik.medchain.id/msp/IssuerPublicKey
2026/04/22 17:34:37 [INFO] Stored Issuer revocation public key at /home/shulhan/Capstone/organizations/peerOrganizations/akademik.medchain.id/msp/IssuerRevocationPublicKey
[2026-04-22 17:34:37][INFO ] MSP bootstrap selesai.
2026/04/22 17:34:37 [INFO] Configuration file location: /home/shulhan/Capstone/organizations/peerOrganizations/akademik.medchain.id/fabric-ca-client-config.yaml
2026/04/22 17:34:37 [INFO] TLS Enabled
2026/04/22 17:34:37 [INFO] TLS Enabled
Password: peer0akademikpw
2026/04/22 17:34:37 [INFO] Created a default configuration file at /home/shulhan/Capstone/organizations/peerOrganizations/akademik.medchain.id/peers/peer0.akademik.medchain.id/fabric-ca-client-config.yaml
2026/04/22 17:34:37 [INFO] TLS Enabled
2026/04/22 17:34:37 [INFO] generating key: &{A:ecdsa S:256}
2026/04/22 17:34:37 [INFO] encoded CSR
2026/04/22 17:34:37 [INFO] Stored client certificate at /home/shulhan/Capstone/organizations/peerOrganizations/akademik.medchain.id/peers/peer0.akademik.medchain.id/msp/signcerts/cert.pem
2026/04/22 17:34:37 [INFO] Stored root CA certificate at /home/shulhan/Capstone/organizations/peerOrganizations/akademik.medchain.id/peers/peer0.akademik.medchain.id/msp/cacerts/ca-akademik-medchain-id-9054-ca-akademik.pem
2026/04/22 17:34:37 [INFO] Stored Issuer public key at /home/shulhan/Capstone/organizations/peerOrganizations/akademik.medchain.id/peers/peer0.akademik.medchain.id/msp/IssuerPublicKey
2026/04/22 17:34:37 [INFO] Stored Issuer revocation public key at /home/shulhan/Capstone/organizations/peerOrganizations/akademik.medchain.id/peers/peer0.akademik.medchain.id/msp/IssuerRevocationPublicKey
2026/04/22 17:34:37 [INFO] TLS Enabled
2026/04/22 17:34:37 [INFO] generating key: &{A:ecdsa S:256}
2026/04/22 17:34:37 [INFO] encoded CSR
2026/04/22 17:34:37 [INFO] Stored client certificate at /home/shulhan/Capstone/organizations/peerOrganizations/akademik.medchain.id/peers/peer0.akademik.medchain.id/tls/signcerts/cert.pem
2026/04/22 17:34:37 [INFO] Stored TLS root CA certificate at /home/shulhan/Capstone/organizations/peerOrganizations/akademik.medchain.id/peers/peer0.akademik.medchain.id/tls/tlscacerts/tls-ca-akademik-medchain-id-9054-ca-akademik.pem
2026/04/22 17:34:37 [INFO] Stored Issuer public key at /home/shulhan/Capstone/organizations/peerOrganizations/akademik.medchain.id/peers/peer0.akademik.medchain.id/tls/IssuerPublicKey
2026/04/22 17:34:37 [INFO] Stored Issuer revocation public key at /home/shulhan/Capstone/organizations/peerOrganizations/akademik.medchain.id/peers/peer0.akademik.medchain.id/tls/IssuerRevocationPublicKey
[2026-04-22 17:34:37][INFO ] peer0.akademik.medchain.id enrolled.
2026/04/22 17:34:37 [INFO] Configuration file location: /home/shulhan/Capstone/organizations/peerOrganizations/akademik.medchain.id/fabric-ca-client-config.yaml
2026/04/22 17:34:37 [INFO] TLS Enabled
2026/04/22 17:34:37 [INFO] TLS Enabled
Password: peer1akademikpw
2026/04/22 17:34:38 [INFO] Created a default configuration file at /home/shulhan/Capstone/organizations/peerOrganizations/akademik.medchain.id/peers/peer1.akademik.medchain.id/fabric-ca-client-config.yaml
2026/04/22 17:34:38 [INFO] TLS Enabled
2026/04/22 17:34:38 [INFO] generating key: &{A:ecdsa S:256}
2026/04/22 17:34:38 [INFO] encoded CSR
2026/04/22 17:34:38 [INFO] Stored client certificate at /home/shulhan/Capstone/organizations/peerOrganizations/akademik.medchain.id/peers/peer1.akademik.medchain.id/msp/signcerts/cert.pem
2026/04/22 17:34:38 [INFO] Stored root CA certificate at /home/shulhan/Capstone/organizations/peerOrganizations/akademik.medchain.id/peers/peer1.akademik.medchain.id/msp/cacerts/ca-akademik-medchain-id-9054-ca-akademik.pem
2026/04/22 17:34:38 [INFO] Stored Issuer public key at /home/shulhan/Capstone/organizations/peerOrganizations/akademik.medchain.id/peers/peer1.akademik.medchain.id/msp/IssuerPublicKey
2026/04/22 17:34:38 [INFO] Stored Issuer revocation public key at /home/shulhan/Capstone/organizations/peerOrganizations/akademik.medchain.id/peers/peer1.akademik.medchain.id/msp/IssuerRevocationPublicKey
2026/04/22 17:34:38 [INFO] TLS Enabled
2026/04/22 17:34:38 [INFO] generating key: &{A:ecdsa S:256}
2026/04/22 17:34:38 [INFO] encoded CSR
2026/04/22 17:34:38 [INFO] Stored client certificate at /home/shulhan/Capstone/organizations/peerOrganizations/akademik.medchain.id/peers/peer1.akademik.medchain.id/tls/signcerts/cert.pem
2026/04/22 17:34:38 [INFO] Stored TLS root CA certificate at /home/shulhan/Capstone/organizations/peerOrganizations/akademik.medchain.id/peers/peer1.akademik.medchain.id/tls/tlscacerts/tls-ca-akademik-medchain-id-9054-ca-akademik.pem
2026/04/22 17:34:38 [INFO] Stored Issuer public key at /home/shulhan/Capstone/organizations/peerOrganizations/akademik.medchain.id/peers/peer1.akademik.medchain.id/tls/IssuerPublicKey
2026/04/22 17:34:38 [INFO] Stored Issuer revocation public key at /home/shulhan/Capstone/organizations/peerOrganizations/akademik.medchain.id/peers/peer1.akademik.medchain.id/tls/IssuerRevocationPublicKey
[2026-04-22 17:34:38][INFO ] peer1.akademik.medchain.id enrolled.
2026/04/22 17:34:38 [INFO] Configuration file location: /home/shulhan/Capstone/organizations/peerOrganizations/akademik.medchain.id/fabric-ca-client-config.yaml
2026/04/22 17:34:38 [INFO] TLS Enabled
2026/04/22 17:34:38 [INFO] TLS Enabled
Password: userAkademik1pw
2026/04/22 17:34:38 [INFO] Created a default configuration file at /home/shulhan/Capstone/organizations/peerOrganizations/akademik.medchain.id/users/User1@akademik.medchain.id/fabric-ca-client-config.yaml
2026/04/22 17:34:38 [INFO] TLS Enabled
2026/04/22 17:34:38 [INFO] generating key: &{A:ecdsa S:256}
2026/04/22 17:34:38 [INFO] encoded CSR
2026/04/22 17:34:38 [INFO] Stored client certificate at /home/shulhan/Capstone/organizations/peerOrganizations/akademik.medchain.id/users/User1@akademik.medchain.id/msp/signcerts/cert.pem
2026/04/22 17:34:38 [INFO] Stored root CA certificate at /home/shulhan/Capstone/organizations/peerOrganizations/akademik.medchain.id/users/User1@akademik.medchain.id/msp/cacerts/ca-akademik-medchain-id-9054-ca-akademik.pem
2026/04/22 17:34:39 [INFO] Stored Issuer public key at /home/shulhan/Capstone/organizations/peerOrganizations/akademik.medchain.id/users/User1@akademik.medchain.id/msp/IssuerPublicKey
2026/04/22 17:34:39 [INFO] Stored Issuer revocation public key at /home/shulhan/Capstone/organizations/peerOrganizations/akademik.medchain.id/users/User1@akademik.medchain.id/msp/IssuerRevocationPublicKey
[2026-04-22 17:34:39][INFO ] User1@akademik.medchain.id enrolled.
2026/04/22 17:34:39 [INFO] Configuration file location: /home/shulhan/Capstone/organizations/peerOrganizations/akademik.medchain.id/fabric-ca-client-config.yaml
2026/04/22 17:34:39 [INFO] TLS Enabled
2026/04/22 17:34:39 [INFO] TLS Enabled
Password: adminAkademikpw
2026/04/22 17:34:39 [INFO] Created a default configuration file at /home/shulhan/Capstone/organizations/peerOrganizations/akademik.medchain.id/users/Admin@akademik.medchain.id/fabric-ca-client-config.yaml
2026/04/22 17:34:39 [INFO] TLS Enabled
2026/04/22 17:34:39 [INFO] generating key: &{A:ecdsa S:256}
2026/04/22 17:34:39 [INFO] encoded CSR
2026/04/22 17:34:39 [INFO] Stored client certificate at /home/shulhan/Capstone/organizations/peerOrganizations/akademik.medchain.id/users/Admin@akademik.medchain.id/msp/signcerts/cert.pem
2026/04/22 17:34:39 [INFO] Stored root CA certificate at /home/shulhan/Capstone/organizations/peerOrganizations/akademik.medchain.id/users/Admin@akademik.medchain.id/msp/cacerts/ca-akademik-medchain-id-9054-ca-akademik.pem
2026/04/22 17:34:39 [INFO] Stored Issuer public key at /home/shulhan/Capstone/organizations/peerOrganizations/akademik.medchain.id/users/Admin@akademik.medchain.id/msp/IssuerPublicKey
2026/04/22 17:34:39 [INFO] Stored Issuer revocation public key at /home/shulhan/Capstone/organizations/peerOrganizations/akademik.medchain.id/users/Admin@akademik.medchain.id/msp/IssuerRevocationPublicKey
[2026-04-22 17:34:39][INFO ] Admin@akademik.medchain.id enrolled.
[2026-04-22 17:34:39][INFO ] Admin OU: admin
2026/04/22 17:34:39 [INFO] Created a default configuration file at /home/shulhan/Capstone/organizations/peerOrganizations/dokter.medchain.id/fabric-ca-client-config.yaml
2026/04/22 17:34:39 [INFO] TLS Enabled
2026/04/22 17:34:39 [INFO] generating key: &{A:ecdsa S:256}
2026/04/22 17:34:39 [INFO] encoded CSR
Error: POST failure of request: POST https://ca.dokter.medchain.id:10054/enroll
{"hosts":["DESKTOP-0TJRH60"],"certificate_request":"-----BEGIN CERTIFICATE REQUEST-----\nMIIBRTCB7AIBADBdMQswCQYDVQQGEwJVUzEXMBUGA1UECBMOTm9ydGggQ2Fyb2xp\nbmExFDASBgNVBAoTC0h5cGVybGVkZ2VyMQ8wDQYDVQQLEwZGYWJyaWMxDjAMBgNV\nBAMTBWFkbWluMFkwEwYHKoZIzj0CAQYIKoZIzj0DAQcDQgAEYirK1hNmveySddqK\nctsGE6BNk1SzrsMB/h82iLDOrTvgZRtwAhZSoTbnBqQBAFfhM30+fICZ2y6fO1WI\nIxLZKKAtMCsGCSqGSIb3DQEJDjEeMBwwGgYDVR0RBBMwEYIPREVTS1RPUC0wVEpS\nSDYwMAoGCCqGSM49BAMCA0gAMEUCIQDrkdRQgdM6zrUgNExHaakc9RUdaW32+uYR\nIMiz16+h3AIgYskmeYT7uYsLyYQiUTvvUmYBmz+tyVFMKEJXxRfoMgg=\n-----END CERTIFICATE REQUEST-----\n","profile":"","crl_override":"","label":"","NotBefore":"0001-01-01T00:00:00Z","NotAfter":"0001-01-01T00:00:00Z","ReturnPrecert":false,"CAName":"ca-dokter"}: Post "https://ca.dokter.medchain.id:10054/enroll": dial tcp: lookup ca.dokter.medchain.id on 172.25.0.1:53: no such host
[2026-04-22 17:34:39][ERROR] Enroll gagal. Cek log: /home/shulhan/Capstone/logs/enroll-ca-20260422_173432.log
