[2026-04-22 17:37:43][INFO ] Memulai enrollment semua organisasi...
[2026-04-22 17:37:43][INFO ] Log: /home/shulhan/Capstone/logs/enroll-ca-20260422_173743.log
2026/04/22 17:37:44 [INFO] Created a default configuration file at /home/shulhan/Capstone/organizations/ordererOrganizations/medchain.id/fabric-ca-client-config.yaml
2026/04/22 17:37:44 [INFO] TLS Enabled
2026/04/22 17:37:44 [INFO] generating key: &{A:ecdsa S:256}
2026/04/22 17:37:44 [INFO] encoded CSR
2026/04/22 17:37:44 [INFO] Stored client certificate at /home/shulhan/Capstone/organizations/ordererOrganizations/medchain.id/msp/signcerts/cert.pem
2026/04/22 17:37:44 [INFO] Stored root CA certificate at /home/shulhan/Capstone/organizations/ordererOrganizations/medchain.id/msp/cacerts/ca-orderer-medchain-id-7054-ca-orderer.pem
2026/04/22 17:37:44 [INFO] Stored Issuer public key at /home/shulhan/Capstone/organizations/ordererOrganizations/medchain.id/msp/IssuerPublicKey
2026/04/22 17:37:44 [INFO] Stored Issuer revocation public key at /home/shulhan/Capstone/organizations/ordererOrganizations/medchain.id/msp/IssuerRevocationPublicKey
[2026-04-22 17:37:44][INFO ] MSP bootstrap selesai.
2026/04/22 17:37:44 [INFO] Configuration file location: /home/shulhan/Capstone/organizations/ordererOrganizations/medchain.id/fabric-ca-client-config.yaml
2026/04/22 17:37:44 [INFO] TLS Enabled
2026/04/22 17:37:44 [INFO] TLS Enabled
Password: orderer1pw
2026/04/22 17:37:44 [INFO] Created a default configuration file at /home/shulhan/Capstone/organizations/ordererOrganizations/medchain.id/orderers/orderer1.medchain.id/fabric-ca-client-config.yaml
2026/04/22 17:37:44 [INFO] TLS Enabled
2026/04/22 17:37:44 [INFO] generating key: &{A:ecdsa S:256}
2026/04/22 17:37:44 [INFO] encoded CSR
2026/04/22 17:37:44 [INFO] Stored client certificate at /home/shulhan/Capstone/organizations/ordererOrganizations/medchain.id/orderers/orderer1.medchain.id/msp/signcerts/cert.pem
2026/04/22 17:37:44 [INFO] Stored root CA certificate at /home/shulhan/Capstone/organizations/ordererOrganizations/medchain.id/orderers/orderer1.medchain.id/msp/cacerts/ca-orderer-medchain-id-7054-ca-orderer.pem
2026/04/22 17:37:44 [INFO] Stored Issuer public key at /home/shulhan/Capstone/organizations/ordererOrganizations/medchain.id/orderers/orderer1.medchain.id/msp/IssuerPublicKey
2026/04/22 17:37:44 [INFO] Stored Issuer revocation public key at /home/shulhan/Capstone/organizations/ordererOrganizations/medchain.id/orderers/orderer1.medchain.id/msp/IssuerRevocationPublicKey
2026/04/22 17:37:44 [INFO] TLS Enabled
2026/04/22 17:37:44 [INFO] generating key: &{A:ecdsa S:256}
2026/04/22 17:37:44 [INFO] encoded CSR
2026/04/22 17:37:44 [INFO] Stored client certificate at /home/shulhan/Capstone/organizations/ordererOrganizations/medchain.id/orderers/orderer1.medchain.id/tls/signcerts/cert.pem
2026/04/22 17:37:44 [INFO] Stored TLS root CA certificate at /home/shulhan/Capstone/organizations/ordererOrganizations/medchain.id/orderers/orderer1.medchain.id/tls/tlscacerts/tls-ca-orderer-medchain-id-7054-ca-orderer.pem
2026/04/22 17:37:44 [INFO] Stored Issuer public key at /home/shulhan/Capstone/organizations/ordererOrganizations/medchain.id/orderers/orderer1.medchain.id/tls/IssuerPublicKey
2026/04/22 17:37:44 [INFO] Stored Issuer revocation public key at /home/shulhan/Capstone/organizations/ordererOrganizations/medchain.id/orderers/orderer1.medchain.id/tls/IssuerRevocationPublicKey
[2026-04-22 17:37:44][INFO ] orderer1.medchain.id enrolled. (1/3)
2026/04/22 17:37:44 [INFO] Configuration file location: /home/shulhan/Capstone/organizations/ordererOrganizations/medchain.id/fabric-ca-client-config.yaml
2026/04/22 17:37:44 [INFO] TLS Enabled
2026/04/22 17:37:44 [INFO] TLS Enabled
Password: orderer2pw
2026/04/22 17:37:45 [INFO] Created a default configuration file at /home/shulhan/Capstone/organizations/ordererOrganizations/medchain.id/orderers/orderer2.medchain.id/fabric-ca-client-config.yaml
2026/04/22 17:37:45 [INFO] TLS Enabled
2026/04/22 17:37:45 [INFO] generating key: &{A:ecdsa S:256}
2026/04/22 17:37:45 [INFO] encoded CSR
2026/04/22 17:37:45 [INFO] Stored client certificate at /home/shulhan/Capstone/organizations/ordererOrganizations/medchain.id/orderers/orderer2.medchain.id/msp/signcerts/cert.pem
2026/04/22 17:37:45 [INFO] Stored root CA certificate at /home/shulhan/Capstone/organizations/ordererOrganizations/medchain.id/orderers/orderer2.medchain.id/msp/cacerts/ca-orderer-medchain-id-7054-ca-orderer.pem
2026/04/22 17:37:45 [INFO] Stored Issuer public key at /home/shulhan/Capstone/organizations/ordererOrganizations/medchain.id/orderers/orderer2.medchain.id/msp/IssuerPublicKey
2026/04/22 17:37:45 [INFO] Stored Issuer revocation public key at /home/shulhan/Capstone/organizations/ordererOrganizations/medchain.id/orderers/orderer2.medchain.id/msp/IssuerRevocationPublicKey
2026/04/22 17:37:45 [INFO] TLS Enabled
2026/04/22 17:37:45 [INFO] generating key: &{A:ecdsa S:256}
2026/04/22 17:37:45 [INFO] encoded CSR
2026/04/22 17:37:45 [INFO] Stored client certificate at /home/shulhan/Capstone/organizations/ordererOrganizations/medchain.id/orderers/orderer2.medchain.id/tls/signcerts/cert.pem
2026/04/22 17:37:45 [INFO] Stored TLS root CA certificate at /home/shulhan/Capstone/organizations/ordererOrganizations/medchain.id/orderers/orderer2.medchain.id/tls/tlscacerts/tls-ca-orderer-medchain-id-7054-ca-orderer.pem
2026/04/22 17:37:45 [INFO] Stored Issuer public key at /home/shulhan/Capstone/organizations/ordererOrganizations/medchain.id/orderers/orderer2.medchain.id/tls/IssuerPublicKey
2026/04/22 17:37:45 [INFO] Stored Issuer revocation public key at /home/shulhan/Capstone/organizations/ordererOrganizations/medchain.id/orderers/orderer2.medchain.id/tls/IssuerRevocationPublicKey
[2026-04-22 17:37:45][INFO ] orderer2.medchain.id enrolled. (2/3)
2026/04/22 17:37:45 [INFO] Configuration file location: /home/shulhan/Capstone/organizations/ordererOrganizations/medchain.id/fabric-ca-client-config.yaml
2026/04/22 17:37:45 [INFO] TLS Enabled
2026/04/22 17:37:45 [INFO] TLS Enabled
Password: orderer3pw
2026/04/22 17:37:45 [INFO] Created a default configuration file at /home/shulhan/Capstone/organizations/ordererOrganizations/medchain.id/orderers/orderer3.medchain.id/fabric-ca-client-config.yaml
2026/04/22 17:37:45 [INFO] TLS Enabled
2026/04/22 17:37:45 [INFO] generating key: &{A:ecdsa S:256}
2026/04/22 17:37:45 [INFO] encoded CSR
2026/04/22 17:37:45 [INFO] Stored client certificate at /home/shulhan/Capstone/organizations/ordererOrganizations/medchain.id/orderers/orderer3.medchain.id/msp/signcerts/cert.pem
2026/04/22 17:37:45 [INFO] Stored root CA certificate at /home/shulhan/Capstone/organizations/ordererOrganizations/medchain.id/orderers/orderer3.medchain.id/msp/cacerts/ca-orderer-medchain-id-7054-ca-orderer.pem
2026/04/22 17:37:45 [INFO] Stored Issuer public key at /home/shulhan/Capstone/organizations/ordererOrganizations/medchain.id/orderers/orderer3.medchain.id/msp/IssuerPublicKey
2026/04/22 17:37:45 [INFO] Stored Issuer revocation public key at /home/shulhan/Capstone/organizations/ordererOrganizations/medchain.id/orderers/orderer3.medchain.id/msp/IssuerRevocationPublicKey
2026/04/22 17:37:45 [INFO] TLS Enabled
2026/04/22 17:37:45 [INFO] generating key: &{A:ecdsa S:256}
2026/04/22 17:37:45 [INFO] encoded CSR
2026/04/22 17:37:45 [INFO] Stored client certificate at /home/shulhan/Capstone/organizations/ordererOrganizations/medchain.id/orderers/orderer3.medchain.id/tls/signcerts/cert.pem
2026/04/22 17:37:45 [INFO] Stored TLS root CA certificate at /home/shulhan/Capstone/organizations/ordererOrganizations/medchain.id/orderers/orderer3.medchain.id/tls/tlscacerts/tls-ca-orderer-medchain-id-7054-ca-orderer.pem
2026/04/22 17:37:45 [INFO] Stored Issuer public key at /home/shulhan/Capstone/organizations/ordererOrganizations/medchain.id/orderers/orderer3.medchain.id/tls/IssuerPublicKey
2026/04/22 17:37:45 [INFO] Stored Issuer revocation public key at /home/shulhan/Capstone/organizations/ordererOrganizations/medchain.id/orderers/orderer3.medchain.id/tls/IssuerRevocationPublicKey
[2026-04-22 17:37:46][INFO ] orderer3.medchain.id enrolled. (3/3)
2026/04/22 17:37:46 [INFO] Configuration file location: /home/shulhan/Capstone/organizations/ordererOrganizations/medchain.id/fabric-ca-client-config.yaml
2026/04/22 17:37:46 [INFO] TLS Enabled
2026/04/22 17:37:46 [INFO] TLS Enabled
Password: ordererAdminpw
2026/04/22 17:37:46 [INFO] Created a default configuration file at /home/shulhan/Capstone/organizations/ordererOrganizations/medchain.id/users/Admin@medchain.id/fabric-ca-client-config.yaml
2026/04/22 17:37:46 [INFO] TLS Enabled
2026/04/22 17:37:46 [INFO] generating key: &{A:ecdsa S:256}
2026/04/22 17:37:46 [INFO] encoded CSR
2026/04/22 17:37:46 [INFO] Stored client certificate at /home/shulhan/Capstone/organizations/ordererOrganizations/medchain.id/users/Admin@medchain.id/msp/signcerts/cert.pem
2026/04/22 17:37:46 [INFO] Stored root CA certificate at /home/shulhan/Capstone/organizations/ordererOrganizations/medchain.id/users/Admin@medchain.id/msp/cacerts/ca-orderer-medchain-id-7054-ca-orderer.pem
2026/04/22 17:37:46 [INFO] Stored Issuer public key at /home/shulhan/Capstone/organizations/ordererOrganizations/medchain.id/users/Admin@medchain.id/msp/IssuerPublicKey
2026/04/22 17:37:46 [INFO] Stored Issuer revocation public key at /home/shulhan/Capstone/organizations/ordererOrganizations/medchain.id/users/Admin@medchain.id/msp/IssuerRevocationPublicKey
[2026-04-22 17:37:46][INFO ] Admin@medchain.id enrolled.
[2026-04-22 17:37:46][INFO ] Admin OU: admin
2026/04/22 17:37:47 [INFO] Created a default configuration file at /home/shulhan/Capstone/organizations/peerOrganizations/klinik.medchain.id/fabric-ca-client-config.yaml
2026/04/22 17:37:47 [INFO] TLS Enabled
2026/04/22 17:37:47 [INFO] generating key: &{A:ecdsa S:256}
2026/04/22 17:37:47 [INFO] encoded CSR
2026/04/22 17:37:47 [INFO] Stored client certificate at /home/shulhan/Capstone/organizations/peerOrganizations/klinik.medchain.id/msp/signcerts/cert.pem
2026/04/22 17:37:47 [INFO] Stored root CA certificate at /home/shulhan/Capstone/organizations/peerOrganizations/klinik.medchain.id/msp/cacerts/ca-klinik-medchain-id-8054-ca-klinik.pem
2026/04/22 17:37:47 [INFO] Stored Issuer public key at /home/shulhan/Capstone/organizations/peerOrganizations/klinik.medchain.id/msp/IssuerPublicKey
2026/04/22 17:37:47 [INFO] Stored Issuer revocation public key at /home/shulhan/Capstone/organizations/peerOrganizations/klinik.medchain.id/msp/IssuerRevocationPublicKey
[2026-04-22 17:37:47][INFO ] MSP bootstrap selesai.
2026/04/22 17:37:47 [INFO] Configuration file location: /home/shulhan/Capstone/organizations/peerOrganizations/klinik.medchain.id/fabric-ca-client-config.yaml
2026/04/22 17:37:47 [INFO] TLS Enabled
2026/04/22 17:37:47 [INFO] TLS Enabled
Password: peer0klinikpw
2026/04/22 17:37:47 [INFO] Created a default configuration file at /home/shulhan/Capstone/organizations/peerOrganizations/klinik.medchain.id/peers/peer0.klinik.medchain.id/fabric-ca-client-config.yaml
2026/04/22 17:37:47 [INFO] TLS Enabled
2026/04/22 17:37:47 [INFO] generating key: &{A:ecdsa S:256}
2026/04/22 17:37:47 [INFO] encoded CSR
2026/04/22 17:37:47 [INFO] Stored client certificate at /home/shulhan/Capstone/organizations/peerOrganizations/klinik.medchain.id/peers/peer0.klinik.medchain.id/msp/signcerts/cert.pem
2026/04/22 17:37:47 [INFO] Stored root CA certificate at /home/shulhan/Capstone/organizations/peerOrganizations/klinik.medchain.id/peers/peer0.klinik.medchain.id/msp/cacerts/ca-klinik-medchain-id-8054-ca-klinik.pem
2026/04/22 17:37:47 [INFO] Stored Issuer public key at /home/shulhan/Capstone/organizations/peerOrganizations/klinik.medchain.id/peers/peer0.klinik.medchain.id/msp/IssuerPublicKey
2026/04/22 17:37:47 [INFO] Stored Issuer revocation public key at /home/shulhan/Capstone/organizations/peerOrganizations/klinik.medchain.id/peers/peer0.klinik.medchain.id/msp/IssuerRevocationPublicKey
2026/04/22 17:37:47 [INFO] TLS Enabled
2026/04/22 17:37:47 [INFO] generating key: &{A:ecdsa S:256}
2026/04/22 17:37:47 [INFO] encoded CSR
2026/04/22 17:37:47 [INFO] Stored client certificate at /home/shulhan/Capstone/organizations/peerOrganizations/klinik.medchain.id/peers/peer0.klinik.medchain.id/tls/signcerts/cert.pem
2026/04/22 17:37:47 [INFO] Stored TLS root CA certificate at /home/shulhan/Capstone/organizations/peerOrganizations/klinik.medchain.id/peers/peer0.klinik.medchain.id/tls/tlscacerts/tls-ca-klinik-medchain-id-8054-ca-klinik.pem
2026/04/22 17:37:47 [INFO] Stored Issuer public key at /home/shulhan/Capstone/organizations/peerOrganizations/klinik.medchain.id/peers/peer0.klinik.medchain.id/tls/IssuerPublicKey
2026/04/22 17:37:47 [INFO] Stored Issuer revocation public key at /home/shulhan/Capstone/organizations/peerOrganizations/klinik.medchain.id/peers/peer0.klinik.medchain.id/tls/IssuerRevocationPublicKey
[2026-04-22 17:37:47][INFO ] peer0.klinik.medchain.id enrolled.
2026/04/22 17:37:47 [INFO] Configuration file location: /home/shulhan/Capstone/organizations/peerOrganizations/klinik.medchain.id/fabric-ca-client-config.yaml
2026/04/22 17:37:47 [INFO] TLS Enabled
2026/04/22 17:37:47 [INFO] TLS Enabled
Password: peer1klinikpw
2026/04/22 17:37:48 [INFO] Created a default configuration file at /home/shulhan/Capstone/organizations/peerOrganizations/klinik.medchain.id/peers/peer1.klinik.medchain.id/fabric-ca-client-config.yaml
2026/04/22 17:37:48 [INFO] TLS Enabled
2026/04/22 17:37:48 [INFO] generating key: &{A:ecdsa S:256}
2026/04/22 17:37:48 [INFO] encoded CSR
2026/04/22 17:37:48 [INFO] Stored client certificate at /home/shulhan/Capstone/organizations/peerOrganizations/klinik.medchain.id/peers/peer1.klinik.medchain.id/msp/signcerts/cert.pem
2026/04/22 17:37:48 [INFO] Stored root CA certificate at /home/shulhan/Capstone/organizations/peerOrganizations/klinik.medchain.id/peers/peer1.klinik.medchain.id/msp/cacerts/ca-klinik-medchain-id-8054-ca-klinik.pem
2026/04/22 17:37:48 [INFO] Stored Issuer public key at /home/shulhan/Capstone/organizations/peerOrganizations/klinik.medchain.id/peers/peer1.klinik.medchain.id/msp/IssuerPublicKey
2026/04/22 17:37:48 [INFO] Stored Issuer revocation public key at /home/shulhan/Capstone/organizations/peerOrganizations/klinik.medchain.id/peers/peer1.klinik.medchain.id/msp/IssuerRevocationPublicKey
2026/04/22 17:37:48 [INFO] TLS Enabled
2026/04/22 17:37:48 [INFO] generating key: &{A:ecdsa S:256}
2026/04/22 17:37:48 [INFO] encoded CSR
2026/04/22 17:37:48 [INFO] Stored client certificate at /home/shulhan/Capstone/organizations/peerOrganizations/klinik.medchain.id/peers/peer1.klinik.medchain.id/tls/signcerts/cert.pem
2026/04/22 17:37:48 [INFO] Stored TLS root CA certificate at /home/shulhan/Capstone/organizations/peerOrganizations/klinik.medchain.id/peers/peer1.klinik.medchain.id/tls/tlscacerts/tls-ca-klinik-medchain-id-8054-ca-klinik.pem
2026/04/22 17:37:48 [INFO] Stored Issuer public key at /home/shulhan/Capstone/organizations/peerOrganizations/klinik.medchain.id/peers/peer1.klinik.medchain.id/tls/IssuerPublicKey
2026/04/22 17:37:48 [INFO] Stored Issuer revocation public key at /home/shulhan/Capstone/organizations/peerOrganizations/klinik.medchain.id/peers/peer1.klinik.medchain.id/tls/IssuerRevocationPublicKey
[2026-04-22 17:37:48][INFO ] peer1.klinik.medchain.id enrolled.
2026/04/22 17:37:48 [INFO] Configuration file location: /home/shulhan/Capstone/organizations/peerOrganizations/klinik.medchain.id/fabric-ca-client-config.yaml
2026/04/22 17:37:48 [INFO] TLS Enabled
2026/04/22 17:37:48 [INFO] TLS Enabled
Password: userKlinik1pw
2026/04/22 17:37:48 [INFO] Created a default configuration file at /home/shulhan/Capstone/organizations/peerOrganizations/klinik.medchain.id/users/User1@klinik.medchain.id/fabric-ca-client-config.yaml
2026/04/22 17:37:48 [INFO] TLS Enabled
2026/04/22 17:37:48 [INFO] generating key: &{A:ecdsa S:256}
2026/04/22 17:37:48 [INFO] encoded CSR
2026/04/22 17:37:48 [INFO] Stored client certificate at /home/shulhan/Capstone/organizations/peerOrganizations/klinik.medchain.id/users/User1@klinik.medchain.id/msp/signcerts/cert.pem
2026/04/22 17:37:48 [INFO] Stored root CA certificate at /home/shulhan/Capstone/organizations/peerOrganizations/klinik.medchain.id/users/User1@klinik.medchain.id/msp/cacerts/ca-klinik-medchain-id-8054-ca-klinik.pem
2026/04/22 17:37:48 [INFO] Stored Issuer public key at /home/shulhan/Capstone/organizations/peerOrganizations/klinik.medchain.id/users/User1@klinik.medchain.id/msp/IssuerPublicKey
2026/04/22 17:37:48 [INFO] Stored Issuer revocation public key at /home/shulhan/Capstone/organizations/peerOrganizations/klinik.medchain.id/users/User1@klinik.medchain.id/msp/IssuerRevocationPublicKey
[2026-04-22 17:37:48][INFO ] User1@klinik.medchain.id enrolled.
2026/04/22 17:37:48 [INFO] Configuration file location: /home/shulhan/Capstone/organizations/peerOrganizations/klinik.medchain.id/fabric-ca-client-config.yaml
2026/04/22 17:37:48 [INFO] TLS Enabled
2026/04/22 17:37:48 [INFO] TLS Enabled
Password: adminKlinikpw
2026/04/22 17:37:48 [INFO] Created a default configuration file at /home/shulhan/Capstone/organizations/peerOrganizations/klinik.medchain.id/users/Admin@klinik.medchain.id/fabric-ca-client-config.yaml
2026/04/22 17:37:48 [INFO] TLS Enabled
2026/04/22 17:37:48 [INFO] generating key: &{A:ecdsa S:256}
2026/04/22 17:37:48 [INFO] encoded CSR
2026/04/22 17:37:48 [INFO] Stored client certificate at /home/shulhan/Capstone/organizations/peerOrganizations/klinik.medchain.id/users/Admin@klinik.medchain.id/msp/signcerts/cert.pem
2026/04/22 17:37:48 [INFO] Stored root CA certificate at /home/shulhan/Capstone/organizations/peerOrganizations/klinik.medchain.id/users/Admin@klinik.medchain.id/msp/cacerts/ca-klinik-medchain-id-8054-ca-klinik.pem
2026/04/22 17:37:48 [INFO] Stored Issuer public key at /home/shulhan/Capstone/organizations/peerOrganizations/klinik.medchain.id/users/Admin@klinik.medchain.id/msp/IssuerPublicKey
2026/04/22 17:37:48 [INFO] Stored Issuer revocation public key at /home/shulhan/Capstone/organizations/peerOrganizations/klinik.medchain.id/users/Admin@klinik.medchain.id/msp/IssuerRevocationPublicKey
[2026-04-22 17:37:48][INFO ] Admin@klinik.medchain.id enrolled.
[2026-04-22 17:37:48][INFO ] Admin OU: admin
2026/04/22 17:37:49 [INFO] Created a default configuration file at /home/shulhan/Capstone/organizations/peerOrganizations/akademik.medchain.id/fabric-ca-client-config.yaml
2026/04/22 17:37:49 [INFO] TLS Enabled
2026/04/22 17:37:49 [INFO] generating key: &{A:ecdsa S:256}
2026/04/22 17:37:49 [INFO] encoded CSR
2026/04/22 17:37:49 [INFO] Stored client certificate at /home/shulhan/Capstone/organizations/peerOrganizations/akademik.medchain.id/msp/signcerts/cert.pem
2026/04/22 17:37:49 [INFO] Stored root CA certificate at /home/shulhan/Capstone/organizations/peerOrganizations/akademik.medchain.id/msp/cacerts/ca-akademik-medchain-id-9054-ca-akademik.pem
2026/04/22 17:37:49 [INFO] Stored Issuer public key at /home/shulhan/Capstone/organizations/peerOrganizations/akademik.medchain.id/msp/IssuerPublicKey
2026/04/22 17:37:49 [INFO] Stored Issuer revocation public key at /home/shulhan/Capstone/organizations/peerOrganizations/akademik.medchain.id/msp/IssuerRevocationPublicKey
[2026-04-22 17:37:49][INFO ] MSP bootstrap selesai.
2026/04/22 17:37:49 [INFO] Configuration file location: /home/shulhan/Capstone/organizations/peerOrganizations/akademik.medchain.id/fabric-ca-client-config.yaml
2026/04/22 17:37:49 [INFO] TLS Enabled
2026/04/22 17:37:49 [INFO] TLS Enabled
Password: peer0akademikpw
2026/04/22 17:37:49 [INFO] Created a default configuration file at /home/shulhan/Capstone/organizations/peerOrganizations/akademik.medchain.id/peers/peer0.akademik.medchain.id/fabric-ca-client-config.yaml
2026/04/22 17:37:49 [INFO] TLS Enabled
2026/04/22 17:37:49 [INFO] generating key: &{A:ecdsa S:256}
2026/04/22 17:37:49 [INFO] encoded CSR
2026/04/22 17:37:49 [INFO] Stored client certificate at /home/shulhan/Capstone/organizations/peerOrganizations/akademik.medchain.id/peers/peer0.akademik.medchain.id/msp/signcerts/cert.pem
2026/04/22 17:37:49 [INFO] Stored root CA certificate at /home/shulhan/Capstone/organizations/peerOrganizations/akademik.medchain.id/peers/peer0.akademik.medchain.id/msp/cacerts/ca-akademik-medchain-id-9054-ca-akademik.pem
2026/04/22 17:37:49 [INFO] Stored Issuer public key at /home/shulhan/Capstone/organizations/peerOrganizations/akademik.medchain.id/peers/peer0.akademik.medchain.id/msp/IssuerPublicKey
2026/04/22 17:37:49 [INFO] Stored Issuer revocation public key at /home/shulhan/Capstone/organizations/peerOrganizations/akademik.medchain.id/peers/peer0.akademik.medchain.id/msp/IssuerRevocationPublicKey
2026/04/22 17:37:49 [INFO] TLS Enabled
2026/04/22 17:37:49 [INFO] generating key: &{A:ecdsa S:256}
2026/04/22 17:37:49 [INFO] encoded CSR
2026/04/22 17:37:49 [INFO] Stored client certificate at /home/shulhan/Capstone/organizations/peerOrganizations/akademik.medchain.id/peers/peer0.akademik.medchain.id/tls/signcerts/cert.pem
2026/04/22 17:37:49 [INFO] Stored TLS root CA certificate at /home/shulhan/Capstone/organizations/peerOrganizations/akademik.medchain.id/peers/peer0.akademik.medchain.id/tls/tlscacerts/tls-ca-akademik-medchain-id-9054-ca-akademik.pem
2026/04/22 17:37:49 [INFO] Stored Issuer public key at /home/shulhan/Capstone/organizations/peerOrganizations/akademik.medchain.id/peers/peer0.akademik.medchain.id/tls/IssuerPublicKey
2026/04/22 17:37:49 [INFO] Stored Issuer revocation public key at /home/shulhan/Capstone/organizations/peerOrganizations/akademik.medchain.id/peers/peer0.akademik.medchain.id/tls/IssuerRevocationPublicKey
[2026-04-22 17:37:49][INFO ] peer0.akademik.medchain.id enrolled.
2026/04/22 17:37:49 [INFO] Configuration file location: /home/shulhan/Capstone/organizations/peerOrganizations/akademik.medchain.id/fabric-ca-client-config.yaml
2026/04/22 17:37:49 [INFO] TLS Enabled
2026/04/22 17:37:49 [INFO] TLS Enabled
Password: peer1akademikpw
2026/04/22 17:37:49 [INFO] Created a default configuration file at /home/shulhan/Capstone/organizations/peerOrganizations/akademik.medchain.id/peers/peer1.akademik.medchain.id/fabric-ca-client-config.yaml
2026/04/22 17:37:49 [INFO] TLS Enabled
2026/04/22 17:37:49 [INFO] generating key: &{A:ecdsa S:256}
2026/04/22 17:37:49 [INFO] encoded CSR
2026/04/22 17:37:49 [INFO] Stored client certificate at /home/shulhan/Capstone/organizations/peerOrganizations/akademik.medchain.id/peers/peer1.akademik.medchain.id/msp/signcerts/cert.pem
2026/04/22 17:37:49 [INFO] Stored root CA certificate at /home/shulhan/Capstone/organizations/peerOrganizations/akademik.medchain.id/peers/peer1.akademik.medchain.id/msp/cacerts/ca-akademik-medchain-id-9054-ca-akademik.pem
2026/04/22 17:37:49 [INFO] Stored Issuer public key at /home/shulhan/Capstone/organizations/peerOrganizations/akademik.medchain.id/peers/peer1.akademik.medchain.id/msp/IssuerPublicKey
2026/04/22 17:37:49 [INFO] Stored Issuer revocation public key at /home/shulhan/Capstone/organizations/peerOrganizations/akademik.medchain.id/peers/peer1.akademik.medchain.id/msp/IssuerRevocationPublicKey
2026/04/22 17:37:50 [INFO] TLS Enabled
2026/04/22 17:37:50 [INFO] generating key: &{A:ecdsa S:256}
2026/04/22 17:37:50 [INFO] encoded CSR
2026/04/22 17:37:50 [INFO] Stored client certificate at /home/shulhan/Capstone/organizations/peerOrganizations/akademik.medchain.id/peers/peer1.akademik.medchain.id/tls/signcerts/cert.pem
2026/04/22 17:37:50 [INFO] Stored TLS root CA certificate at /home/shulhan/Capstone/organizations/peerOrganizations/akademik.medchain.id/peers/peer1.akademik.medchain.id/tls/tlscacerts/tls-ca-akademik-medchain-id-9054-ca-akademik.pem
2026/04/22 17:37:50 [INFO] Stored Issuer public key at /home/shulhan/Capstone/organizations/peerOrganizations/akademik.medchain.id/peers/peer1.akademik.medchain.id/tls/IssuerPublicKey
2026/04/22 17:37:50 [INFO] Stored Issuer revocation public key at /home/shulhan/Capstone/organizations/peerOrganizations/akademik.medchain.id/peers/peer1.akademik.medchain.id/tls/IssuerRevocationPublicKey
[2026-04-22 17:37:50][INFO ] peer1.akademik.medchain.id enrolled.
2026/04/22 17:37:50 [INFO] Configuration file location: /home/shulhan/Capstone/organizations/peerOrganizations/akademik.medchain.id/fabric-ca-client-config.yaml
2026/04/22 17:37:50 [INFO] TLS Enabled
2026/04/22 17:37:50 [INFO] TLS Enabled
Password: userAkademik1pw
2026/04/22 17:37:50 [INFO] Created a default configuration file at /home/shulhan/Capstone/organizations/peerOrganizations/akademik.medchain.id/users/User1@akademik.medchain.id/fabric-ca-client-config.yaml
2026/04/22 17:37:50 [INFO] TLS Enabled
2026/04/22 17:37:50 [INFO] generating key: &{A:ecdsa S:256}
2026/04/22 17:37:50 [INFO] encoded CSR
2026/04/22 17:37:50 [INFO] Stored client certificate at /home/shulhan/Capstone/organizations/peerOrganizations/akademik.medchain.id/users/User1@akademik.medchain.id/msp/signcerts/cert.pem
2026/04/22 17:37:50 [INFO] Stored root CA certificate at /home/shulhan/Capstone/organizations/peerOrganizations/akademik.medchain.id/users/User1@akademik.medchain.id/msp/cacerts/ca-akademik-medchain-id-9054-ca-akademik.pem
2026/04/22 17:37:50 [INFO] Stored Issuer public key at /home/shulhan/Capstone/organizations/peerOrganizations/akademik.medchain.id/users/User1@akademik.medchain.id/msp/IssuerPublicKey
2026/04/22 17:37:50 [INFO] Stored Issuer revocation public key at /home/shulhan/Capstone/organizations/peerOrganizations/akademik.medchain.id/users/User1@akademik.medchain.id/msp/IssuerRevocationPublicKey
[2026-04-22 17:37:50][INFO ] User1@akademik.medchain.id enrolled.
2026/04/22 17:37:50 [INFO] Configuration file location: /home/shulhan/Capstone/organizations/peerOrganizations/akademik.medchain.id/fabric-ca-client-config.yaml
2026/04/22 17:37:50 [INFO] TLS Enabled
2026/04/22 17:37:50 [INFO] TLS Enabled
Password: adminAkademikpw
2026/04/22 17:37:50 [INFO] Created a default configuration file at /home/shulhan/Capstone/organizations/peerOrganizations/akademik.medchain.id/users/Admin@akademik.medchain.id/fabric-ca-client-config.yaml
2026/04/22 17:37:50 [INFO] TLS Enabled
2026/04/22 17:37:50 [INFO] generating key: &{A:ecdsa S:256}
2026/04/22 17:37:50 [INFO] encoded CSR
2026/04/22 17:37:50 [INFO] Stored client certificate at /home/shulhan/Capstone/organizations/peerOrganizations/akademik.medchain.id/users/Admin@akademik.medchain.id/msp/signcerts/cert.pem
2026/04/22 17:37:50 [INFO] Stored root CA certificate at /home/shulhan/Capstone/organizations/peerOrganizations/akademik.medchain.id/users/Admin@akademik.medchain.id/msp/cacerts/ca-akademik-medchain-id-9054-ca-akademik.pem
2026/04/22 17:37:50 [INFO] Stored Issuer public key at /home/shulhan/Capstone/organizations/peerOrganizations/akademik.medchain.id/users/Admin@akademik.medchain.id/msp/IssuerPublicKey
2026/04/22 17:37:50 [INFO] Stored Issuer revocation public key at /home/shulhan/Capstone/organizations/peerOrganizations/akademik.medchain.id/users/Admin@akademik.medchain.id/msp/IssuerRevocationPublicKey
[2026-04-22 17:37:50][INFO ] Admin@akademik.medchain.id enrolled.
[2026-04-22 17:37:50][INFO ] Admin OU: admin
2026/04/22 17:37:50 [INFO] Created a default configuration file at /home/shulhan/Capstone/organizations/peerOrganizations/dokter.medchain.id/fabric-ca-client-config.yaml
2026/04/22 17:37:50 [INFO] TLS Enabled
2026/04/22 17:37:50 [INFO] generating key: &{A:ecdsa S:256}
2026/04/22 17:37:50 [INFO] encoded CSR
Error: POST failure of request: POST https://ca.dokter.medchain.id:10054/enroll
{"hosts":["DESKTOP-0TJRH60"],"certificate_request":"-----BEGIN CERTIFICATE REQUEST-----\nMIIBRTCB7AIBADBdMQswCQYDVQQGEwJVUzEXMBUGA1UECBMOTm9ydGggQ2Fyb2xp\nbmExFDASBgNVBAoTC0h5cGVybGVkZ2VyMQ8wDQYDVQQLEwZGYWJyaWMxDjAMBgNV\nBAMTBWFkbWluMFkwEwYHKoZIzj0CAQYIKoZIzj0DAQcDQgAE4evXOkHavrwWs5mV\nyrS1uJPJsWw9+mHJ/oxsGRpoH302Nur8X6T8ksxjyYcnOxH/936KDalmmx8pVeHA\nyUGDnKAtMCsGCSqGSIb3DQEJDjEeMBwwGgYDVR0RBBMwEYIPREVTS1RPUC0wVEpS\nSDYwMAoGCCqGSM49BAMCA0gAMEUCIQD+rLGFGQsK+QL5qncKKvUngYAJ9qsSUBfA\n9QbVxpNi9QIgRTo8psI4TWk3G7rIS1TJ/VI5DwGQg0faWKJ6B9I7rmI=\n-----END CERTIFICATE REQUEST-----\n","profile":"","crl_override":"","label":"","NotBefore":"0001-01-01T00:00:00Z","NotAfter":"0001-01-01T00:00:00Z","ReturnPrecert":false,"CAName":"ca-dokter"}: Post "https://ca.dokter.medchain.id:10054/enroll": dial tcp: lookup ca.dokter.medchain.id on 172.25.0.1:53: no such host
[2026-04-22 17:37:50][ERROR] Enroll gagal. Cek log: /home/shulhan/Capstone/logs/enroll-ca-20260422_173743.log
