[2026-04-21 17:09:42][INFO ] Memulai setup channel...
[2026-04-21 17:09:42][INFO ] Log: /home/shulhan/Capstone/logs/setup-channel-20260421_170942.log
[2026-04-21 17:09:42][INFO ]   Genesis block...
[34m2026-04-21 17:09:42.335 WIB 0001 INFO[0m [common.tools.configtxgen] [34;1mmain[0m -> Loading configuration
[34m2026-04-21 17:09:42.382 WIB 0002 INFO[0m [common.tools.configtxgen.localconfig] [34;1mcompleteInitialization[0m -> orderer type: etcdraft
[34m2026-04-21 17:09:42.404 WIB 0003 INFO[0m [common.tools.configtxgen.localconfig] [34;1mLoad[0m -> Loaded configuration: /home/shulhan/Capstone/configtx.yaml
[34m2026-04-21 17:09:42.413 WIB 0004 INFO[0m [common.tools.configtxgen] [34;1mdoOutputBlock[0m -> Generating genesis block
[34m2026-04-21 17:09:42.414 WIB 0005 INFO[0m [common.tools.configtxgen] [34;1mdoOutputBlock[0m -> Creating system channel genesis block
[34m2026-04-21 17:09:42.414 WIB 0006 INFO[0m [common.tools.configtxgen] [34;1mdoOutputBlock[0m -> Writing genesis block
[2026-04-21 17:09:42][INFO ]   Channel transaction...
[34m2026-04-21 17:09:42.507 WIB 0001 INFO[0m [common.tools.configtxgen] [34;1mmain[0m -> Loading configuration
[34m2026-04-21 17:09:42.560 WIB 0002 INFO[0m [common.tools.configtxgen.localconfig] [34;1mLoad[0m -> Loaded configuration: /home/shulhan/Capstone/configtx.yaml
[34m2026-04-21 17:09:42.560 WIB 0003 INFO[0m [common.tools.configtxgen] [34;1mdoOutputChannelCreateTx[0m -> Generating new channel configtx
[34m2026-04-21 17:09:42.591 WIB 0004 INFO[0m [common.tools.configtxgen] [34;1mdoOutputChannelCreateTx[0m -> Writing new channel tx
[2026-04-21 17:09:42][INFO ]   Anchor peer KlinikMSP...
[34m2026-04-21 17:09:42.637 WIB 0001 INFO[0m [common.tools.configtxgen] [34;1mmain[0m -> Loading configuration
[34m2026-04-21 17:09:42.656 WIB 0002 INFO[0m [common.tools.configtxgen.localconfig] [34;1mLoad[0m -> Loaded configuration: /home/shulhan/Capstone/configtx.yaml
[34m2026-04-21 17:09:42.656 WIB 0003 INFO[0m [common.tools.configtxgen] [34;1mdoOutputAnchorPeersUpdate[0m -> Generating anchor peer update
[34m2026-04-21 17:09:42.659 WIB 0004 INFO[0m [common.tools.configtxgen] [34;1mdoOutputAnchorPeersUpdate[0m -> Writing anchor peer update
[2026-04-21 17:09:42][INFO ]   Anchor peer AkademikMSP...
[34m2026-04-21 17:09:42.722 WIB 0001 INFO[0m [common.tools.configtxgen] [34;1mmain[0m -> Loading configuration
[34m2026-04-21 17:09:42.732 WIB 0002 INFO[0m [common.tools.configtxgen.localconfig] [34;1mLoad[0m -> Loaded configuration: /home/shulhan/Capstone/configtx.yaml
[34m2026-04-21 17:09:42.733 WIB 0003 INFO[0m [common.tools.configtxgen] [34;1mdoOutputAnchorPeersUpdate[0m -> Generating anchor peer update
[34m2026-04-21 17:09:42.734 WIB 0004 INFO[0m [common.tools.configtxgen] [34;1mdoOutputAnchorPeersUpdate[0m -> Writing anchor peer update
time="2026-04-21T17:09:42+07:00" level=warning msg="/home/shulhan/Capstone/docker-compose.yaml: the attribute `version` is obsolete, it will be ignored, please remove it to avoid potential confusion"
 Volume capstone_peer0.klinik.medchain.id Creating 
 Volume capstone_peer0.klinik.medchain.id Created 
 Volume capstone_orderer1.medchain.id Creating 
 Volume capstone_orderer1.medchain.id Created 
 Volume capstone_orderer3.medchain.id Creating 
 Volume capstone_orderer3.medchain.id Created 
 Volume capstone_orderer2.medchain.id Creating 
 Volume capstone_orderer2.medchain.id Created 
 Volume capstone_peer0.akademik.medchain.id Creating 
 Volume capstone_peer0.akademik.medchain.id Created 
 Container orderer3.medchain.id Creating 
 Container orderer1.medchain.id Creating 
 Container couchdb.klinik Creating 
 Container couchdb.akademik Creating 
 Container orderer2.medchain.id Creating 
 Container couchdb.klinik Created 
 Container couchdb.akademik Created 
 Container orderer1.medchain.id Created 
 Container peer0.klinik.medchain.id Creating 
 Container peer0.akademik.medchain.id Creating 
 Container orderer3.medchain.id Created 
 Container orderer2.medchain.id Created 
 Container peer0.akademik.medchain.id Created 
 Container peer0.klinik.medchain.id Created 
 Container cli Creating 
 Container cli Created 
 Container couchdb.akademik Starting 
 Container orderer2.medchain.id Starting 
 Container couchdb.klinik Starting 
 Container orderer1.medchain.id Starting 
 Container orderer3.medchain.id Starting 
 Container couchdb.akademik Started 
 Container orderer1.medchain.id Started 
 Container orderer1.medchain.id Waiting 
 Container couchdb.akademik Waiting 
 Container couchdb.klinik Started 
 Container couchdb.klinik Waiting 
 Container orderer1.medchain.id Waiting 
 Container orderer2.medchain.id Started 
 Container orderer3.medchain.id Started 
 Container orderer1.medchain.id Healthy 
 Container orderer1.medchain.id Healthy 
 Container couchdb.akademik Healthy 
 Container peer0.akademik.medchain.id Starting 
 Container peer0.akademik.medchain.id Started 
 Container couchdb.klinik Healthy 
 Container peer0.klinik.medchain.id Starting 
 Container peer0.klinik.medchain.id Started 
 Container peer0.akademik.medchain.id Waiting 
 Container orderer1.medchain.id Waiting 
 Container peer0.klinik.medchain.id Waiting 
 Container orderer1.medchain.id Healthy 
 Container peer0.akademik.medchain.id Healthy 
 Container peer0.klinik.medchain.id Healthy 
 Container cli Starting 
 Container cli Started 
[34m2026-04-21 10:10:08.214 UTC 0001 INFO[0m [channelCmd] [34;1mInitCmdFactory[0m -> Endorser and orderer connections initialized
[34m2026-04-21 10:10:08.254 UTC 0002 INFO[0m [cli.common] [34;1mreadBlock[0m -> Expect block, but got status: &{NOT_FOUND}
[34m2026-04-21 10:10:08.259 UTC 0003 INFO[0m [channelCmd] [34;1mInitCmdFactory[0m -> Endorser and orderer connections initialized
[34m2026-04-21 10:10:08.460 UTC 0004 INFO[0m [cli.common] [34;1mreadBlock[0m -> Expect block, but got status: &{SERVICE_UNAVAILABLE}
[34m2026-04-21 10:10:08.463 UTC 0005 INFO[0m [channelCmd] [34;1mInitCmdFactory[0m -> Endorser and orderer connections initialized
[34m2026-04-21 10:10:08.665 UTC 0006 INFO[0m [cli.common] [34;1mreadBlock[0m -> Expect block, but got status: &{SERVICE_UNAVAILABLE}
[34m2026-04-21 10:10:08.668 UTC 0007 INFO[0m [channelCmd] [34;1mInitCmdFactory[0m -> Endorser and orderer connections initialized
[34m2026-04-21 10:10:08.870 UTC 0008 INFO[0m [cli.common] [34;1mreadBlock[0m -> Expect block, but got status: &{SERVICE_UNAVAILABLE}
[34m2026-04-21 10:10:08.920 UTC 0009 INFO[0m [channelCmd] [34;1mInitCmdFactory[0m -> Endorser and orderer connections initialized
[34m2026-04-21 10:10:09.122 UTC 000a INFO[0m [cli.common] [34;1mreadBlock[0m -> Expect block, but got status: &{SERVICE_UNAVAILABLE}
[34m2026-04-21 10:10:09.126 UTC 000b INFO[0m [channelCmd] [34;1mInitCmdFactory[0m -> Endorser and orderer connections initialized
[34m2026-04-21 10:10:09.356 UTC 000c INFO[0m [cli.common] [34;1mreadBlock[0m -> Received block: 0
[2026-04-21 17:10:09][INFO ] Channel 'medchannel' berhasil dibuat.
[2026-04-21 17:10:09][INFO ]   peer0.klinik...
[34m2026-04-21 10:10:09.529 UTC 0001 INFO[0m [channelCmd] [34;1mInitCmdFactory[0m -> Endorser and orderer connections initialized
[34m2026-04-21 10:10:09.657 UTC 0002 INFO[0m [channelCmd] [34;1mexecuteJoin[0m -> Successfully submitted proposal to join channel
[2026-04-21 17:10:09][INFO ]   peer0.klinik âś“
[2026-04-21 17:10:09][INFO ]   peer0.akademik...
[34m2026-04-21 10:10:09.823 UTC 0001 INFO[0m [channelCmd] [34;1mInitCmdFactory[0m -> Endorser and orderer connections initialized
[34m2026-04-21 10:10:09.959 UTC 0002 INFO[0m [channelCmd] [34;1mexecuteJoin[0m -> Successfully submitted proposal to join channel
[2026-04-21 17:10:09][INFO ]   peer0.akademik âś“
[34m2026-04-21 10:10:10.147 UTC 0001 INFO[0m [channelCmd] [34;1mInitCmdFactory[0m -> Endorser and orderer connections initialized
[34m2026-04-21 10:10:10.182 UTC 0002 INFO[0m [channelCmd] [34;1mupdate[0m -> Successfully submitted channel update
[2026-04-21 17:10:10][INFO ]   KlinikMSP âś“
[34m2026-04-21 10:10:10.411 UTC 0001 INFO[0m [channelCmd] [34;1mInitCmdFactory[0m -> Endorser and orderer connections initialized
[34m2026-04-21 10:10:10.423 UTC 0002 INFO[0m [channelCmd] [34;1mupdate[0m -> Successfully submitted channel update
[2026-04-21 17:10:10][INFO ]   AkademikMSP âś“
[2026-04-21 17:10:10][INFO ]   Verifikasi channel list:
[34m2026-04-21 10:10:10.633 UTC 0001 INFO[0m [channelCmd] [34;1mInitCmdFactory[0m -> Endorser and orderer connections initialized
[2026-04-21 17:10:10][INFO ] Channel setup selesai!
[2026-04-21 17:10:10][INFO ] Channel : medchannel
[2026-04-21 17:10:10][INFO ] Langkah selanjutnya: bash scripts/deploy-chaincode.sh
