[2026-04-21 16:56:59][INFO ] Memulai setup channel...
[2026-04-21 16:56:59][INFO ] Log: /home/shulhan/Capstone/logs/setup-channel-20260421_165659.log
[2026-04-21 16:56:59][INFO ]   Genesis block...
[34m2026-04-21 16:56:59.619 WIB 0001 INFO[0m [common.tools.configtxgen] [34;1mmain[0m -> Loading configuration
[34m2026-04-21 16:56:59.700 WIB 0002 INFO[0m [common.tools.configtxgen.localconfig] [34;1mcompleteInitialization[0m -> orderer type: etcdraft
[34m2026-04-21 16:56:59.700 WIB 0003 INFO[0m [common.tools.configtxgen.localconfig] [34;1mLoad[0m -> Loaded configuration: /home/shulhan/Capstone/configtx.yaml
[34m2026-04-21 16:56:59.757 WIB 0004 INFO[0m [common.tools.configtxgen] [34;1mdoOutputBlock[0m -> Generating genesis block
[34m2026-04-21 16:56:59.757 WIB 0005 INFO[0m [common.tools.configtxgen] [34;1mdoOutputBlock[0m -> Creating system channel genesis block
[34m2026-04-21 16:56:59.837 WIB 0006 INFO[0m [common.tools.configtxgen] [34;1mdoOutputBlock[0m -> Writing genesis block
[2026-04-21 16:56:59][INFO ]   Channel transaction...
[34m2026-04-21 16:56:59.927 WIB 0001 INFO[0m [common.tools.configtxgen] [34;1mmain[0m -> Loading configuration
[34m2026-04-21 16:56:59.937 WIB 0002 INFO[0m [common.tools.configtxgen.localconfig] [34;1mLoad[0m -> Loaded configuration: /home/shulhan/Capstone/configtx.yaml
[34m2026-04-21 16:56:59.937 WIB 0003 INFO[0m [common.tools.configtxgen] [34;1mdoOutputChannelCreateTx[0m -> Generating new channel configtx
[34m2026-04-21 16:56:59.939 WIB 0004 INFO[0m [common.tools.configtxgen] [34;1mdoOutputChannelCreateTx[0m -> Writing new channel tx
[2026-04-21 16:56:59][INFO ]   Anchor peer KlinikMSP...
[34m2026-04-21 16:57:00.049 WIB 0001 INFO[0m [common.tools.configtxgen] [34;1mmain[0m -> Loading configuration
[34m2026-04-21 16:57:00.058 WIB 0002 INFO[0m [common.tools.configtxgen.localconfig] [34;1mLoad[0m -> Loaded configuration: /home/shulhan/Capstone/configtx.yaml
[34m2026-04-21 16:57:00.058 WIB 0003 INFO[0m [common.tools.configtxgen] [34;1mdoOutputAnchorPeersUpdate[0m -> Generating anchor peer update
[34m2026-04-21 16:57:00.059 WIB 0004 INFO[0m [common.tools.configtxgen] [34;1mdoOutputAnchorPeersUpdate[0m -> Writing anchor peer update
[2026-04-21 16:57:00][INFO ]   Anchor peer AkademikMSP...
[34m2026-04-21 16:57:00.103 WIB 0001 INFO[0m [common.tools.configtxgen] [34;1mmain[0m -> Loading configuration
[34m2026-04-21 16:57:00.113 WIB 0002 INFO[0m [common.tools.configtxgen.localconfig] [34;1mLoad[0m -> Loaded configuration: /home/shulhan/Capstone/configtx.yaml
[34m2026-04-21 16:57:00.113 WIB 0003 INFO[0m [common.tools.configtxgen] [34;1mdoOutputAnchorPeersUpdate[0m -> Generating anchor peer update
[34m2026-04-21 16:57:00.115 WIB 0004 INFO[0m [common.tools.configtxgen] [34;1mdoOutputAnchorPeersUpdate[0m -> Writing anchor peer update
time="2026-04-21T16:57:00+07:00" level=warning msg="/home/shulhan/Capstone/docker-compose.yaml: the attribute `version` is obsolete, it will be ignored, please remove it to avoid potential confusion"
 Volume capstone_orderer3.medchain.id Creating 
 Volume capstone_orderer3.medchain.id Created 
 Volume capstone_orderer1.medchain.id Creating 
 Volume capstone_orderer1.medchain.id Created 
 Volume capstone_orderer2.medchain.id Creating 
 Volume capstone_orderer2.medchain.id Created 
 Volume capstone_peer0.akademik.medchain.id Creating 
 Volume capstone_peer0.akademik.medchain.id Created 
 Volume capstone_peer0.klinik.medchain.id Creating 
 Volume capstone_peer0.klinik.medchain.id Created 
 Container couchdb.akademik Creating 
 Container couchdb.klinik Creating 
 Container orderer2.medchain.id Creating 
 Container orderer3.medchain.id Creating 
 Container orderer1.medchain.id Creating 
 Container couchdb.klinik Created 
 Container couchdb.akademik Created 
 Container orderer1.medchain.id Created 
 Container peer0.akademik.medchain.id Creating 
 Container peer0.klinik.medchain.id Creating 
 Container orderer2.medchain.id Created 
 Container orderer3.medchain.id Created 
 Container peer0.klinik.medchain.id Created 
 Container peer0.akademik.medchain.id Created 
 Container cli Creating 
 Container cli Created 
 Container couchdb.klinik Starting 
 Container orderer2.medchain.id Starting 
 Container orderer3.medchain.id Starting 
 Container couchdb.akademik Starting 
 Container orderer1.medchain.id Starting 
 Container couchdb.klinik Started 
 Container couchdb.akademik Started 
 Container orderer3.medchain.id Started 
 Container orderer2.medchain.id Started 
 Container orderer1.medchain.id Started 
 Container orderer1.medchain.id Waiting 
 Container couchdb.klinik Waiting 
 Container orderer1.medchain.id Waiting 
 Container couchdb.akademik Waiting 
 Container orderer1.medchain.id Healthy 
 Container orderer1.medchain.id Healthy 
 Container couchdb.klinik Healthy 
 Container peer0.klinik.medchain.id Starting 
 Container couchdb.akademik Healthy 
 Container peer0.akademik.medchain.id Starting 
 Container peer0.akademik.medchain.id Started 
 Container peer0.klinik.medchain.id Started 
 Container peer0.klinik.medchain.id Waiting 
 Container peer0.akademik.medchain.id Waiting 
 Container orderer1.medchain.id Waiting 
 Container orderer1.medchain.id Healthy 
 Container peer0.akademik.medchain.id Healthy 
 Container peer0.klinik.medchain.id Healthy 
 Container cli Starting 
 Container cli Started 
[34m2026-04-21 09:57:26.742 UTC 0001 INFO[0m [channelCmd] [34;1mInitCmdFactory[0m -> Endorser and orderer connections initialized
[34m2026-04-21 09:57:26.788 UTC 0002 INFO[0m [cli.common] [34;1mreadBlock[0m -> Expect block, but got status: &{NOT_FOUND}
[34m2026-04-21 09:57:26.791 UTC 0003 INFO[0m [channelCmd] [34;1mInitCmdFactory[0m -> Endorser and orderer connections initialized
[34m2026-04-21 09:57:26.993 UTC 0004 INFO[0m [cli.common] [34;1mreadBlock[0m -> Expect block, but got status: &{SERVICE_UNAVAILABLE}
[34m2026-04-21 09:57:26.995 UTC 0005 INFO[0m [channelCmd] [34;1mInitCmdFactory[0m -> Endorser and orderer connections initialized
[34m2026-04-21 09:57:27.197 UTC 0006 INFO[0m [cli.common] [34;1mreadBlock[0m -> Expect block, but got status: &{SERVICE_UNAVAILABLE}
[34m2026-04-21 09:57:27.199 UTC 0007 INFO[0m [channelCmd] [34;1mInitCmdFactory[0m -> Endorser and orderer connections initialized
[34m2026-04-21 09:57:27.401 UTC 0008 INFO[0m [cli.common] [34;1mreadBlock[0m -> Expect block, but got status: &{SERVICE_UNAVAILABLE}
[34m2026-04-21 09:57:27.403 UTC 0009 INFO[0m [channelCmd] [34;1mInitCmdFactory[0m -> Endorser and orderer connections initialized
[34m2026-04-21 09:57:27.605 UTC 000a INFO[0m [cli.common] [34;1mreadBlock[0m -> Expect block, but got status: &{SERVICE_UNAVAILABLE}
[34m2026-04-21 09:57:27.617 UTC 000b INFO[0m [channelCmd] [34;1mInitCmdFactory[0m -> Endorser and orderer connections initialized
[34m2026-04-21 09:57:27.819 UTC 000c INFO[0m [cli.common] [34;1mreadBlock[0m -> Expect block, but got status: &{SERVICE_UNAVAILABLE}
[34m2026-04-21 09:57:27.822 UTC 000d INFO[0m [channelCmd] [34;1mInitCmdFactory[0m -> Endorser and orderer connections initialized
[34m2026-04-21 09:57:28.040 UTC 000e INFO[0m [cli.common] [34;1mreadBlock[0m -> Received block: 0
[2026-04-21 16:57:28][INFO ] Channel 'medchannel' berhasil dibuat.
[2026-04-21 16:57:28][INFO ]   peer0.klinik...
[34m2026-04-21 09:57:28.261 UTC 0001 INFO[0m [channelCmd] [34;1mInitCmdFactory[0m -> Endorser and orderer connections initialized
[34m2026-04-21 09:57:28.453 UTC 0002 INFO[0m [channelCmd] [34;1mexecuteJoin[0m -> Successfully submitted proposal to join channel
[2026-04-21 16:57:28][INFO ]   peer0.klinik ✓
[2026-04-21 16:57:28][INFO ]   peer0.akademik...
[34m2026-04-21 09:57:28.779 UTC 0001 INFO[0m [channelCmd] [34;1mInitCmdFactory[0m -> Endorser and orderer connections initialized
[34m2026-04-21 09:57:29.020 UTC 0002 INFO[0m [channelCmd] [34;1mexecuteJoin[0m -> Successfully submitted proposal to join channel
[2026-04-21 16:57:29][INFO ]   peer0.akademik ✓
[34m2026-04-21 09:57:29.296 UTC 0001 INFO[0m [channelCmd] [34;1mInitCmdFactory[0m -> Endorser and orderer connections initialized
[34m2026-04-21 09:57:29.309 UTC 0002 INFO[0m [channelCmd] [34;1mupdate[0m -> Successfully submitted channel update
[2026-04-21 16:57:29][INFO ]   KlinikMSP ✓
[34m2026-04-21 09:57:29.530 UTC 0001 INFO[0m [channelCmd] [34;1mInitCmdFactory[0m -> Endorser and orderer connections initialized
[34m2026-04-21 09:57:29.562 UTC 0002 INFO[0m [channelCmd] [34;1mupdate[0m -> Successfully submitted channel update
[2026-04-21 16:57:29][INFO ]   AkademikMSP ✓
[2026-04-21 16:57:29][INFO ]   Verifikasi channel list:
[34m2026-04-21 09:57:29.845 UTC 0001 INFO[0m [channelCmd] [34;1mInitCmdFactory[0m -> Endorser and orderer connections initialized
[2026-04-21 16:57:29][INFO ] Channel setup selesai!
[2026-04-21 16:57:29][INFO ] Channel : medchannel
[2026-04-21 16:57:29][INFO ] Langkah selanjutnya: bash scripts/deploy-chaincode.sh
