[2026-04-22 18:10:23][INFO ] Memulai setup channel...
[2026-04-22 18:10:23][INFO ] Log: /home/shulhan/Capstone/logs/setup-channel-20260422_181023.log
[2026-04-22 18:10:23][INFO ]   Genesis block...
[34m2026-04-22 18:10:23.682 WIB 0001 INFO[0m [common.tools.configtxgen] [34;1mmain[0m -> Loading configuration
[34m2026-04-22 18:10:23.695 WIB 0002 INFO[0m [common.tools.configtxgen.localconfig] [34;1mcompleteInitialization[0m -> orderer type: etcdraft
[34m2026-04-22 18:10:23.696 WIB 0003 INFO[0m [common.tools.configtxgen.localconfig] [34;1mLoad[0m -> Loaded configuration: /home/shulhan/Capstone/configtx.yaml
[34m2026-04-22 18:10:23.698 WIB 0004 INFO[0m [common.tools.configtxgen] [34;1mdoOutputBlock[0m -> Generating genesis block
[34m2026-04-22 18:10:23.698 WIB 0005 INFO[0m [common.tools.configtxgen] [34;1mdoOutputBlock[0m -> Creating system channel genesis block
[34m2026-04-22 18:10:23.699 WIB 0006 INFO[0m [common.tools.configtxgen] [34;1mdoOutputBlock[0m -> Writing genesis block
[2026-04-22 18:10:23][INFO ]   Channel transaction...
[34m2026-04-22 18:10:23.734 WIB 0001 INFO[0m [common.tools.configtxgen] [34;1mmain[0m -> Loading configuration
[34m2026-04-22 18:10:23.744 WIB 0002 INFO[0m [common.tools.configtxgen.localconfig] [34;1mLoad[0m -> Loaded configuration: /home/shulhan/Capstone/configtx.yaml
[34m2026-04-22 18:10:23.744 WIB 0003 INFO[0m [common.tools.configtxgen] [34;1mdoOutputChannelCreateTx[0m -> Generating new channel configtx
[34m2026-04-22 18:10:23.747 WIB 0004 INFO[0m [common.tools.configtxgen] [34;1mdoOutputChannelCreateTx[0m -> Writing new channel tx
[2026-04-22 18:10:23][INFO ]   Anchor peer KlinikMSP...
[34m2026-04-22 18:10:23.780 WIB 0001 INFO[0m [common.tools.configtxgen] [34;1mmain[0m -> Loading configuration
[34m2026-04-22 18:10:23.791 WIB 0002 INFO[0m [common.tools.configtxgen.localconfig] [34;1mLoad[0m -> Loaded configuration: /home/shulhan/Capstone/configtx.yaml
[34m2026-04-22 18:10:23.791 WIB 0003 INFO[0m [common.tools.configtxgen] [34;1mdoOutputAnchorPeersUpdate[0m -> Generating anchor peer update
[34m2026-04-22 18:10:23.793 WIB 0004 INFO[0m [common.tools.configtxgen] [34;1mdoOutputAnchorPeersUpdate[0m -> Writing anchor peer update
[2026-04-22 18:10:23][INFO ]   Anchor peer AkademikMSP...
[34m2026-04-22 18:10:23.826 WIB 0001 INFO[0m [common.tools.configtxgen] [34;1mmain[0m -> Loading configuration
[34m2026-04-22 18:10:23.835 WIB 0002 INFO[0m [common.tools.configtxgen.localconfig] [34;1mLoad[0m -> Loaded configuration: /home/shulhan/Capstone/configtx.yaml
[34m2026-04-22 18:10:23.835 WIB 0003 INFO[0m [common.tools.configtxgen] [34;1mdoOutputAnchorPeersUpdate[0m -> Generating anchor peer update
[34m2026-04-22 18:10:23.839 WIB 0004 INFO[0m [common.tools.configtxgen] [34;1mdoOutputAnchorPeersUpdate[0m -> Writing anchor peer update
[2026-04-22 18:10:23][INFO ]   Anchor peer DokterMSP...
[34m2026-04-22 18:10:23.879 WIB 0001 INFO[0m [common.tools.configtxgen] [34;1mmain[0m -> Loading configuration
[34m2026-04-22 18:10:23.888 WIB 0002 INFO[0m [common.tools.configtxgen.localconfig] [34;1mLoad[0m -> Loaded configuration: /home/shulhan/Capstone/configtx.yaml
[34m2026-04-22 18:10:23.888 WIB 0003 INFO[0m [common.tools.configtxgen] [34;1mdoOutputAnchorPeersUpdate[0m -> Generating anchor peer update
[34m2026-04-22 18:10:23.890 WIB 0004 INFO[0m [common.tools.configtxgen] [34;1mdoOutputAnchorPeersUpdate[0m -> Writing anchor peer update
time="2026-04-22T18:10:23+07:00" level=warning msg="The \"GRAFANA_PASSWORD\" variable is not set. Defaulting to a blank string."
time="2026-04-22T18:10:23+07:00" level=warning msg="/home/shulhan/Capstone/docker-compose.yaml: the attribute `version` is obsolete, it will be ignored, please remove it to avoid potential confusion"
 Volume capstone_peer0.akademik.medchain.id Creating 
 Volume capstone_peer0.akademik.medchain.id Created 
 Volume capstone_orderer1.medchain.id Creating 
 Volume capstone_orderer1.medchain.id Created 
 Volume capstone_peer0.klinik.medchain.id Creating 
 Volume capstone_peer0.klinik.medchain.id Created 
 Volume capstone_orderer2.medchain.id Creating 
 Volume capstone_orderer2.medchain.id Created 
 Volume capstone_peer0.dokter.medchain.id Creating 
 Volume capstone_peer0.dokter.medchain.id Created 
 Volume capstone_orderer3.medchain.id Creating 
 Volume capstone_orderer3.medchain.id Created 
 Container orderer3.medchain.id Creating 
 Container orderer2.medchain.id Creating 
 Container couchdb.klinik.peer0 Creating 
 Container couchdb.akademik.peer0 Creating 
 Container orderer1.medchain.id Creating 
 Container couchdb.dokter.peer0 Creating 
 Container couchdb.akademik.peer0 Created 
 Container couchdb.klinik.peer0 Created 
 Container couchdb.dokter.peer0 Created 
 Container orderer2.medchain.id Created 
 Container orderer1.medchain.id Created 
 Container peer0.dokter.medchain.id Creating 
 Container peer0.klinik.medchain.id Creating 
 Container peer0.akademik.medchain.id Creating 
 Container orderer3.medchain.id Created 
 Container peer0.klinik.medchain.id Created 
 Container peer0.dokter.medchain.id Created 
 Container peer0.akademik.medchain.id Created 
 Container cli Creating 
 Container cli Created 
 Container couchdb.klinik.peer0 Starting 
 Container couchdb.dokter.peer0 Starting 
 Container orderer3.medchain.id Starting 
 Container couchdb.akademik.peer0 Starting 
 Container orderer1.medchain.id Starting 
 Container orderer2.medchain.id Starting 
 Container couchdb.akademik.peer0 Started 
 Container couchdb.dokter.peer0 Started 
 Container orderer2.medchain.id Started 
 Container couchdb.klinik.peer0 Started 
 Container orderer3.medchain.id Started 
 Container orderer1.medchain.id Started 
 Container orderer1.medchain.id Waiting 
 Container couchdb.akademik.peer0 Waiting 
 Container couchdb.dokter.peer0 Waiting 
 Container orderer1.medchain.id Waiting 
 Container couchdb.klinik.peer0 Waiting 
 Container orderer1.medchain.id Waiting 
 Container orderer1.medchain.id Healthy 
 Container orderer1.medchain.id Healthy 
 Container orderer1.medchain.id Healthy 
 Container couchdb.akademik.peer0 Healthy 
 Container peer0.akademik.medchain.id Starting 
 Container peer0.akademik.medchain.id Started 
 Container couchdb.dokter.peer0 Healthy 
 Container peer0.dokter.medchain.id Starting 
 Container couchdb.klinik.peer0 Healthy 
 Container peer0.klinik.medchain.id Starting 
 Container peer0.dokter.medchain.id Started 
 Container peer0.klinik.medchain.id Started 
 Container orderer1.medchain.id Waiting 
 Container peer0.klinik.medchain.id Waiting 
 Container peer0.akademik.medchain.id Waiting 
 Container peer0.dokter.medchain.id Waiting 
 Container orderer1.medchain.id Healthy 
 Container peer0.akademik.medchain.id Healthy 
 Container peer0.dokter.medchain.id Healthy 
 Container peer0.klinik.medchain.id Healthy 
 Container cli Starting 
 Container cli Started 
[2026-04-22 18:10:50][INFO ]   Menunggu service peer benar-benar siap...
[34m2026-04-22 11:11:00.708 UTC 0001 INFO[0m [channelCmd] [34;1mInitCmdFactory[0m -> Endorser and orderer connections initialized
[34m2026-04-22 11:11:00.732 UTC 0002 INFO[0m [cli.common] [34;1mreadBlock[0m -> Expect block, but got status: &{NOT_FOUND}
[34m2026-04-22 11:11:00.737 UTC 0003 INFO[0m [channelCmd] [34;1mInitCmdFactory[0m -> Endorser and orderer connections initialized
[34m2026-04-22 11:11:00.939 UTC 0004 INFO[0m [cli.common] [34;1mreadBlock[0m -> Expect block, but got status: &{SERVICE_UNAVAILABLE}
[34m2026-04-22 11:11:00.942 UTC 0005 INFO[0m [channelCmd] [34;1mInitCmdFactory[0m -> Endorser and orderer connections initialized
[34m2026-04-22 11:11:01.144 UTC 0006 INFO[0m [cli.common] [34;1mreadBlock[0m -> Expect block, but got status: &{SERVICE_UNAVAILABLE}
[34m2026-04-22 11:11:01.147 UTC 0007 INFO[0m [channelCmd] [34;1mInitCmdFactory[0m -> Endorser and orderer connections initialized
[34m2026-04-22 11:11:01.349 UTC 0008 INFO[0m [cli.common] [34;1mreadBlock[0m -> Expect block, but got status: &{SERVICE_UNAVAILABLE}
[34m2026-04-22 11:11:01.353 UTC 0009 INFO[0m [channelCmd] [34;1mInitCmdFactory[0m -> Endorser and orderer connections initialized
[34m2026-04-22 11:11:01.554 UTC 000a INFO[0m [cli.common] [34;1mreadBlock[0m -> Expect block, but got status: &{SERVICE_UNAVAILABLE}
[34m2026-04-22 11:11:01.556 UTC 000b INFO[0m [channelCmd] [34;1mInitCmdFactory[0m -> Endorser and orderer connections initialized
[34m2026-04-22 11:11:01.758 UTC 000c INFO[0m [cli.common] [34;1mreadBlock[0m -> Expect block, but got status: &{SERVICE_UNAVAILABLE}
[34m2026-04-22 11:11:01.760 UTC 000d INFO[0m [channelCmd] [34;1mInitCmdFactory[0m -> Endorser and orderer connections initialized
[34m2026-04-22 11:11:01.963 UTC 000e INFO[0m [cli.common] [34;1mreadBlock[0m -> Received block: 0
[2026-04-22 18:11:01][INFO ] Channel 'medchannel' berhasil dibuat.
[2026-04-22 18:11:01][INFO ]   peer0.klinik...
[34m2026-04-22 11:11:02.143 UTC 0001 INFO[0m [channelCmd] [34;1mInitCmdFactory[0m -> Endorser and orderer connections initialized
[34m2026-04-22 11:11:02.348 UTC 0002 INFO[0m [channelCmd] [34;1mexecuteJoin[0m -> Successfully submitted proposal to join channel
[2026-04-22 18:11:02][INFO ]   peer0.klinik ✓
[2026-04-22 18:11:02][INFO ]   peer0.akademik...
[34m2026-04-22 11:11:02.536 UTC 0001 INFO[0m [channelCmd] [34;1mInitCmdFactory[0m -> Endorser and orderer connections initialized
[34m2026-04-22 11:11:02.940 UTC 0002 INFO[0m [channelCmd] [34;1mexecuteJoin[0m -> Successfully submitted proposal to join channel
[2026-04-22 18:11:02][INFO ]   peer0.akademik ✓
[2026-04-22 18:11:02][INFO ]   peer0.dokter...
[34m2026-04-22 11:11:03.137 UTC 0001 INFO[0m [channelCmd] [34;1mInitCmdFactory[0m -> Endorser and orderer connections initialized
[34m2026-04-22 11:11:03.294 UTC 0002 INFO[0m [channelCmd] [34;1mexecuteJoin[0m -> Successfully submitted proposal to join channel
[2026-04-22 18:11:03][INFO ]   peer0.dokter ✓
[34m2026-04-22 11:11:03.484 UTC 0001 INFO[0m [channelCmd] [34;1mInitCmdFactory[0m -> Endorser and orderer connections initialized
[34m2026-04-22 11:11:03.516 UTC 0002 INFO[0m [channelCmd] [34;1mupdate[0m -> Successfully submitted channel update
[2026-04-22 18:11:03][INFO ]   KlinikMSP ✓
[34m2026-04-22 11:11:03.763 UTC 0001 INFO[0m [channelCmd] [34;1mInitCmdFactory[0m -> Endorser and orderer connections initialized
[34m2026-04-22 11:11:03.778 UTC 0002 INFO[0m [channelCmd] [34;1mupdate[0m -> Successfully submitted channel update
[2026-04-22 18:11:03][INFO ]   AkademikMSP ✓
[34m2026-04-22 11:11:03.967 UTC 0001 INFO[0m [channelCmd] [34;1mInitCmdFactory[0m -> Endorser and orderer connections initialized
[34m2026-04-22 11:11:03.988 UTC 0002 INFO[0m [channelCmd] [34;1mupdate[0m -> Successfully submitted channel update
[2026-04-22 18:11:04][INFO ]   DokterMSP ✓
[2026-04-22 18:11:04][INFO ]   Verifikasi channel list:
[34m2026-04-22 11:11:04.224 UTC 0001 INFO[0m [channelCmd] [34;1mInitCmdFactory[0m -> Endorser and orderer connections initialized
[2026-04-22 18:11:04][INFO ] Channel setup selesai!
[2026-04-22 18:11:04][INFO ] Channel : medchannel
[2026-04-22 18:11:04][INFO ] Langkah selanjutnya: bash scripts/deploy-chaincode.sh
