[2026-04-22 17:53:51][INFO ] Memulai setup channel...
[2026-04-22 17:53:51][INFO ] Log: /home/shulhan/Capstone/logs/setup-channel-20260422_175351.log
[2026-04-22 17:53:51][INFO ]   Genesis block...
[34m2026-04-22 17:53:51.603 WIB 0001 INFO[0m [common.tools.configtxgen] [34;1mmain[0m -> Loading configuration
[34m2026-04-22 17:53:51.613 WIB 0002 INFO[0m [common.tools.configtxgen.localconfig] [34;1mcompleteInitialization[0m -> orderer type: etcdraft
[34m2026-04-22 17:53:51.613 WIB 0003 INFO[0m [common.tools.configtxgen.localconfig] [34;1mLoad[0m -> Loaded configuration: /home/shulhan/Capstone/configtx.yaml
[34m2026-04-22 17:53:51.615 WIB 0004 INFO[0m [common.tools.configtxgen] [34;1mdoOutputBlock[0m -> Generating genesis block
[34m2026-04-22 17:53:51.615 WIB 0005 INFO[0m [common.tools.configtxgen] [34;1mdoOutputBlock[0m -> Creating system channel genesis block
[34m2026-04-22 17:53:51.615 WIB 0006 INFO[0m [common.tools.configtxgen] [34;1mdoOutputBlock[0m -> Writing genesis block
[2026-04-22 17:53:51][INFO ]   Channel transaction...
[34m2026-04-22 17:53:51.649 WIB 0001 INFO[0m [common.tools.configtxgen] [34;1mmain[0m -> Loading configuration
[34m2026-04-22 17:53:51.661 WIB 0002 INFO[0m [common.tools.configtxgen.localconfig] [34;1mLoad[0m -> Loaded configuration: /home/shulhan/Capstone/configtx.yaml
[34m2026-04-22 17:53:51.661 WIB 0003 INFO[0m [common.tools.configtxgen] [34;1mdoOutputChannelCreateTx[0m -> Generating new channel configtx
[34m2026-04-22 17:53:51.665 WIB 0004 INFO[0m [common.tools.configtxgen] [34;1mdoOutputChannelCreateTx[0m -> Writing new channel tx
[2026-04-22 17:53:51][INFO ]   Anchor peer KlinikMSP...
[34m2026-04-22 17:53:51.697 WIB 0001 INFO[0m [common.tools.configtxgen] [34;1mmain[0m -> Loading configuration
[34m2026-04-22 17:53:51.706 WIB 0002 INFO[0m [common.tools.configtxgen.localconfig] [34;1mLoad[0m -> Loaded configuration: /home/shulhan/Capstone/configtx.yaml
[34m2026-04-22 17:53:51.706 WIB 0003 INFO[0m [common.tools.configtxgen] [34;1mdoOutputAnchorPeersUpdate[0m -> Generating anchor peer update
[34m2026-04-22 17:53:51.708 WIB 0004 INFO[0m [common.tools.configtxgen] [34;1mdoOutputAnchorPeersUpdate[0m -> Writing anchor peer update
[2026-04-22 17:53:51][INFO ]   Anchor peer AkademikMSP...
[34m2026-04-22 17:53:51.742 WIB 0001 INFO[0m [common.tools.configtxgen] [34;1mmain[0m -> Loading configuration
[34m2026-04-22 17:53:51.751 WIB 0002 INFO[0m [common.tools.configtxgen.localconfig] [34;1mLoad[0m -> Loaded configuration: /home/shulhan/Capstone/configtx.yaml
[34m2026-04-22 17:53:51.751 WIB 0003 INFO[0m [common.tools.configtxgen] [34;1mdoOutputAnchorPeersUpdate[0m -> Generating anchor peer update
[34m2026-04-22 17:53:51.752 WIB 0004 INFO[0m [common.tools.configtxgen] [34;1mdoOutputAnchorPeersUpdate[0m -> Writing anchor peer update
[2026-04-22 17:53:51][INFO ]   Anchor peer DokterMSP...
[34m2026-04-22 17:53:51.786 WIB 0001 INFO[0m [common.tools.configtxgen] [34;1mmain[0m -> Loading configuration
[34m2026-04-22 17:53:51.795 WIB 0002 INFO[0m [common.tools.configtxgen.localconfig] [34;1mLoad[0m -> Loaded configuration: /home/shulhan/Capstone/configtx.yaml
[34m2026-04-22 17:53:51.796 WIB 0003 INFO[0m [common.tools.configtxgen] [34;1mdoOutputAnchorPeersUpdate[0m -> Generating anchor peer update
[34m2026-04-22 17:53:51.797 WIB 0004 INFO[0m [common.tools.configtxgen] [34;1mdoOutputAnchorPeersUpdate[0m -> Writing anchor peer update
time="2026-04-22T17:53:51+07:00" level=warning msg="The \"GRAFANA_PASSWORD\" variable is not set. Defaulting to a blank string."
time="2026-04-22T17:53:51+07:00" level=warning msg="/home/shulhan/Capstone/docker-compose.yaml: the attribute `version` is obsolete, it will be ignored, please remove it to avoid potential confusion"
 Volume capstone_peer0.klinik.medchain.id Creating 
 Volume capstone_peer0.klinik.medchain.id Created 
 Volume capstone_orderer2.medchain.id Creating 
 Volume capstone_orderer2.medchain.id Created 
 Volume capstone_peer0.dokter.medchain.id Creating 
 Volume capstone_peer0.dokter.medchain.id Created 
 Volume capstone_orderer3.medchain.id Creating 
 Volume capstone_orderer3.medchain.id Created 
 Volume capstone_peer0.akademik.medchain.id Creating 
 Volume capstone_peer0.akademik.medchain.id Created 
 Volume capstone_orderer1.medchain.id Creating 
 Volume capstone_orderer1.medchain.id Created 
 Container couchdb.klinik.peer0 Creating 
 Container couchdb.akademik.peer0 Creating 
 Container orderer2.medchain.id Creating 
 Container orderer3.medchain.id Creating 
 Container couchdb.dokter.peer0 Creating 
 Container orderer1.medchain.id Creating 
 Container orderer1.medchain.id Created 
 Container couchdb.akademik.peer0 Created 
 Container peer0.akademik.medchain.id Creating 
 Container couchdb.klinik.peer0 Created 
 Container peer0.klinik.medchain.id Creating 
 Container orderer3.medchain.id Created 
 Container couchdb.dokter.peer0 Created 
 Container peer0.dokter.medchain.id Creating 
 Container orderer2.medchain.id Created 
 Container peer0.akademik.medchain.id Created 
 Container peer0.dokter.medchain.id Created 
 Container peer0.klinik.medchain.id Created 
 Container cli Creating 
 Container cli Created 
 Container couchdb.dokter.peer0 Starting 
 Container orderer1.medchain.id Starting 
 Container couchdb.akademik.peer0 Starting 
 Container orderer2.medchain.id Starting 
 Container orderer3.medchain.id Starting 
 Container couchdb.klinik.peer0 Starting 
 Container couchdb.dokter.peer0 Started 
 Container couchdb.akademik.peer0 Started 
 Container orderer2.medchain.id Started 
 Container orderer3.medchain.id Started 
 Container couchdb.klinik.peer0 Started 
 Container orderer1.medchain.id Started 
 Container couchdb.dokter.peer0 Waiting 
 Container orderer1.medchain.id Waiting 
 Container couchdb.akademik.peer0 Waiting 
 Container orderer1.medchain.id Waiting 
 Container couchdb.klinik.peer0 Waiting 
 Container orderer1.medchain.id Waiting 
 Container orderer1.medchain.id Healthy 
 Container orderer1.medchain.id Healthy 
 Container orderer1.medchain.id Healthy 
 Container couchdb.dokter.peer0 Healthy 
 Container peer0.dokter.medchain.id Starting 
 Container couchdb.akademik.peer0 Healthy 
 Container peer0.akademik.medchain.id Starting 
 Container couchdb.klinik.peer0 Healthy 
 Container peer0.klinik.medchain.id Starting 
 Container peer0.dokter.medchain.id Started 
 Container peer0.akademik.medchain.id Started 
 Container peer0.klinik.medchain.id Started 
 Container orderer1.medchain.id Waiting 
 Container peer0.klinik.medchain.id Waiting 
 Container peer0.akademik.medchain.id Waiting 
 Container peer0.dokter.medchain.id Waiting 
 Container orderer1.medchain.id Healthy 
 Container peer0.dokter.medchain.id Healthy 
 Container peer0.akademik.medchain.id Healthy 
 Container peer0.klinik.medchain.id Healthy 
 Container cli Starting 
 Container cli Started 
[2026-04-22 17:54:18][INFO ]   Menunggu service peer benar-benar siap...
[34m2026-04-22 10:54:28.306 UTC 0001 INFO[0m [channelCmd] [34;1mInitCmdFactory[0m -> Endorser and orderer connections initialized
[34m2026-04-22 10:54:28.338 UTC 0002 INFO[0m [cli.common] [34;1mreadBlock[0m -> Expect block, but got status: &{NOT_FOUND}
[34m2026-04-22 10:54:28.341 UTC 0003 INFO[0m [channelCmd] [34;1mInitCmdFactory[0m -> Endorser and orderer connections initialized
[34m2026-04-22 10:54:28.543 UTC 0004 INFO[0m [cli.common] [34;1mreadBlock[0m -> Expect block, but got status: &{SERVICE_UNAVAILABLE}
[34m2026-04-22 10:54:28.545 UTC 0005 INFO[0m [channelCmd] [34;1mInitCmdFactory[0m -> Endorser and orderer connections initialized
[34m2026-04-22 10:54:28.746 UTC 0006 INFO[0m [cli.common] [34;1mreadBlock[0m -> Expect block, but got status: &{SERVICE_UNAVAILABLE}
[34m2026-04-22 10:54:28.750 UTC 0007 INFO[0m [channelCmd] [34;1mInitCmdFactory[0m -> Endorser and orderer connections initialized
[34m2026-04-22 10:54:28.951 UTC 0008 INFO[0m [cli.common] [34;1mreadBlock[0m -> Expect block, but got status: &{SERVICE_UNAVAILABLE}
[34m2026-04-22 10:54:28.955 UTC 0009 INFO[0m [channelCmd] [34;1mInitCmdFactory[0m -> Endorser and orderer connections initialized
[34m2026-04-22 10:54:29.156 UTC 000a INFO[0m [cli.common] [34;1mreadBlock[0m -> Expect block, but got status: &{SERVICE_UNAVAILABLE}
[34m2026-04-22 10:54:29.159 UTC 000b INFO[0m [channelCmd] [34;1mInitCmdFactory[0m -> Endorser and orderer connections initialized
[34m2026-04-22 10:54:29.361 UTC 000c INFO[0m [cli.common] [34;1mreadBlock[0m -> Expect block, but got status: &{SERVICE_UNAVAILABLE}
[34m2026-04-22 10:54:29.363 UTC 000d INFO[0m [channelCmd] [34;1mInitCmdFactory[0m -> Endorser and orderer connections initialized
[34m2026-04-22 10:54:29.567 UTC 000e INFO[0m [cli.common] [34;1mreadBlock[0m -> Received block: 0
[2026-04-22 17:54:29][INFO ] Channel 'medchannel' berhasil dibuat.
[2026-04-22 17:54:29][INFO ]   peer0.klinik...
[34m2026-04-22 10:54:29.864 UTC 0001 INFO[0m [channelCmd] [34;1mInitCmdFactory[0m -> Endorser and orderer connections initialized
[34m2026-04-22 10:54:30.026 UTC 0002 INFO[0m [channelCmd] [34;1mexecuteJoin[0m -> Successfully submitted proposal to join channel
[2026-04-22 17:54:30][INFO ]   peer0.klinik ✓
[2026-04-22 17:54:30][INFO ]   peer0.akademik...
[34m2026-04-22 10:54:30.451 UTC 0001 INFO[0m [channelCmd] [34;1mInitCmdFactory[0m -> Endorser and orderer connections initialized
[34m2026-04-22 10:54:31.227 UTC 0002 INFO[0m [channelCmd] [34;1mexecuteJoin[0m -> Successfully submitted proposal to join channel
[2026-04-22 17:54:31][INFO ]   peer0.akademik ✓
[2026-04-22 17:54:31][INFO ]   peer0.dokter...
[34m2026-04-22 10:54:31.439 UTC 0001 INFO[0m [channelCmd] [34;1mInitCmdFactory[0m -> Endorser and orderer connections initialized
[34m2026-04-22 10:54:31.608 UTC 0002 INFO[0m [channelCmd] [34;1mexecuteJoin[0m -> Successfully submitted proposal to join channel
[2026-04-22 17:54:31][INFO ]   peer0.dokter ✓
[34m2026-04-22 10:54:31.817 UTC 0001 INFO[0m [channelCmd] [34;1mInitCmdFactory[0m -> Endorser and orderer connections initialized
[34m2026-04-22 10:54:31.835 UTC 0002 INFO[0m [channelCmd] [34;1mupdate[0m -> Successfully submitted channel update
[2026-04-22 17:54:31][INFO ]   KlinikMSP ✓
[34m2026-04-22 10:54:32.091 UTC 0001 INFO[0m [channelCmd] [34;1mInitCmdFactory[0m -> Endorser and orderer connections initialized
[34m2026-04-22 10:54:32.107 UTC 0002 INFO[0m [channelCmd] [34;1mupdate[0m -> Successfully submitted channel update
[2026-04-22 17:54:32][INFO ]   AkademikMSP ✓
[34m2026-04-22 10:54:32.383 UTC 0001 INFO[0m [channelCmd] [34;1mInitCmdFactory[0m -> Endorser and orderer connections initialized
[34m2026-04-22 10:54:32.432 UTC 0002 INFO[0m [channelCmd] [34;1mupdate[0m -> Successfully submitted channel update
[2026-04-22 17:54:32][INFO ]   DokterMSP ✓
[2026-04-22 17:54:32][INFO ]   Verifikasi channel list:
[34m2026-04-22 10:54:32.688 UTC 0001 INFO[0m [channelCmd] [34;1mInitCmdFactory[0m -> Endorser and orderer connections initialized
[2026-04-22 17:54:32][INFO ] Channel setup selesai!
[2026-04-22 17:54:32][INFO ] Channel : medchannel
[2026-04-22 17:54:32][INFO ] Langkah selanjutnya: bash scripts/deploy-chaincode.sh
